{"C:\\Users\\liamm\\Documents\\Git\\personal-trainer\\src\\components\\AboutModal.tsx": {"path":"C:\\Users\\liamm\\Documents\\Git\\personal-trainer\\src\\components\\AboutModal.tsx","statementMap":{"0":{"start":{"line":11,"column":22},"end":{"line":11,"column":null}},"1":{"start":{"line":12,"column":19},"end":{"line":12,"column":null}},"2":{"start":{"line":14,"column":19},"end":{"line":14,"column":null}},"3":{"start":{"line":16,"column":21},"end":{"line":29,"column":null}},"4":{"start":{"line":17,"column":4},"end":{"line":28,"column":null}},"5":{"start":{"line":18,"column":6},"end":{"line":24,"column":null}},"6":{"start":{"line":19,"column":8},"end":{"line":19,"column":null}},"7":{"start":{"line":20,"column":8},"end":{"line":20,"column":null}},"8":{"start":{"line":23,"column":8},"end":{"line":23,"column":null}},"9":{"start":{"line":26,"column":6},"end":{"line":26,"column":null}},"10":{"start":{"line":27,"column":6},"end":{"line":27,"column":null}},"11":{"start":{"line":31,"column":24},"end":{"line":42,"column":null}},"12":{"start":{"line":32,"column":18},"end":{"line":32,"column":null}},"13":{"start":{"line":33,"column":17},"end":{"line":39,"column":null}},"14":{"start":{"line":40,"column":4},"end":{"line":40,"column":null}},"15":{"start":{"line":40,"column":19},"end":{"line":40,"column":null}},"16":{"start":{"line":41,"column":4},"end":{"line":41,"column":null}},"17":{"start":{"line":44,"column":2},"end":{"line":72,"column":null}}},"fnMap":{"0":{"name":"AboutModal","decl":{"start":{"line":10,"column":24},"end":{"line":10,"column":35}},"loc":{"start":{"line":10,"column":61},"end":{"line":74,"column":null}},"line":10},"1":{"name":"(anonymous_1)","decl":{"start":{"line":16,"column":21},"end":{"line":16,"column":33}},"loc":{"start":{"line":16,"column":33},"end":{"line":29,"column":null}},"line":16},"2":{"name":"(anonymous_2)","decl":{"start":{"line":31,"column":24},"end":{"line":31,"column":30}},"loc":{"start":{"line":31,"column":30},"end":{"line":42,"column":null}},"line":31}},"branchMap":{"0":{"loc":{"start":{"line":11,"column":22},"end":{"line":11,"column":null}},"type":"cond-expr","locations":[{"start":{"line":11,"column":35},"end":{"line":11,"column":64}},{"start":{"line":11,"column":64},"end":{"line":11,"column":null}}],"line":11},"1":{"loc":{"start":{"line":12,"column":19},"end":{"line":12,"column":null}},"type":"cond-expr","locations":[{"start":{"line":12,"column":32},"end":{"line":12,"column":69}},{"start":{"line":12,"column":69},"end":{"line":12,"column":null}}],"line":12},"2":{"loc":{"start":{"line":14,"column":31},"end":{"line":14,"column":76}},"type":"binary-expr","locations":[{"start":{"line":14,"column":31},"end":{"line":14,"column":46}},{"start":{"line":14,"column":46},"end":{"line":14,"column":67}},{"start":{"line":14,"column":67},"end":{"line":14,"column":76}}],"line":14},"3":{"loc":{"start":{"line":14,"column":89},"end":{"line":14,"column":112}},"type":"binary-expr","locations":[{"start":{"line":14,"column":89},"end":{"line":14,"column":103}},{"start":{"line":14,"column":103},"end":{"line":14,"column":112}}],"line":14},"4":{"loc":{"start":{"line":14,"column":129},"end":{"line":14,"column":152}},"type":"binary-expr","locations":[{"start":{"line":14,"column":129},"end":{"line":14,"column":143}},{"start":{"line":14,"column":143},"end":{"line":14,"column":152}}],"line":14},"5":{"loc":{"start":{"line":18,"column":6},"end":{"line":24,"column":null}},"type":"if","locations":[{"start":{"line":18,"column":6},"end":{"line":24,"column":null}},{"start":{"line":21,"column":13},"end":{"line":24,"column":null}}],"line":18},"6":{"loc":{"start":{"line":18,"column":10},"end":{"line":18,"column":100}},"type":"binary-expr","locations":[{"start":{"line":18,"column":10},"end":{"line":18,"column":46}},{"start":{"line":18,"column":46},"end":{"line":18,"column":69}},{"start":{"line":18,"column":69},"end":{"line":18,"column":100}}],"line":18},"7":{"loc":{"start":{"line":40,"column":4},"end":{"line":40,"column":null}},"type":"if","locations":[{"start":{"line":40,"column":4},"end":{"line":40,"column":null}},{"start":{},"end":{}}],"line":40},"8":{"loc":{"start":{"line":49,"column":28},"end":{"line":49,"column":74}},"type":"binary-expr","locations":[{"start":{"line":49,"column":28},"end":{"line":49,"column":43}},{"start":{"line":49,"column":43},"end":{"line":49,"column":64}},{"start":{"line":49,"column":64},"end":{"line":49,"column":74}}],"line":49},"9":{"loc":{"start":{"line":52,"column":19},"end":{"line":56,"column":null}},"type":"cond-expr","locations":[{"start":{"line":53,"column":12},"end":{"line":55,"column":null}},{"start":{"line":56,"column":14},"end":{"line":56,"column":null}}],"line":52},"10":{"loc":{"start":{"line":59,"column":23},"end":{"line":59,"column":null}},"type":"binary-expr","locations":[{"start":{"line":59,"column":23},"end":{"line":59,"column":37}},{"start":{"line":59,"column":37},"end":{"line":59,"column":null}}],"line":59}},"s":{"0":8,"1":8,"2":8,"3":8,"4":0,"5":0,"6":0,"7":0,"8":0,"9":0,"10":0,"11":8,"12":8,"13":8,"14":8,"15":0,"16":8,"17":8},"f":{"0":8,"1":0,"2":8},"b":{"0":[8,0],"1":[8,0],"2":[8,0,0],"3":[8,0],"4":[8,0],"5":[0,0],"6":[0,0,0],"7":[0,8],"8":[8,0,0],"9":[8,0],"10":[8,0]},"meta":{"lastBranch":11,"lastFunction":3,"lastStatement":18,"seen":{"f:10:24:10:35":0,"s:11:22:11:Infinity":0,"b:11:35:11:64:11:64:11:Infinity":0,"s:12:19:12:Infinity":1,"b:12:32:12:69:12:69:12:Infinity":1,"s:14:19:14:Infinity":2,"b:14:31:14:46:14:46:14:67:14:67:14:76":2,"b:14:89:14:103:14:103:14:112":3,"b:14:129:14:143:14:143:14:152":4,"s:16:21:29:Infinity":3,"f:16:21:16:33":1,"s:17:4:28:Infinity":4,"b:18:6:24:Infinity:21:13:24:Infinity":5,"s:18:6:24:Infinity":5,"b:18:10:18:46:18:46:18:69:18:69:18:100":6,"s:19:8:19:Infinity":6,"s:20:8:20:Infinity":7,"s:23:8:23:Infinity":8,"s:26:6:26:Infinity":9,"s:27:6:27:Infinity":10,"s:31:24:42:Infinity":11,"f:31:24:31:30":2,"s:32:18:32:Infinity":12,"s:33:17:39:Infinity":13,"b:40:4:40:Infinity:undefined:undefined:undefined:undefined":7,"s:40:4:40:Infinity":14,"s:40:19:40:Infinity":15,"s:41:4:41:Infinity":16,"s:44:2:72:Infinity":17,"b:49:28:49:43:49:43:49:64:49:64:49:74":8,"b:53:12:55:Infinity:56:14:56:Infinity":9,"b:59:23:59:37:59:37:59:Infinity":10}}}
,"C:\\Users\\liamm\\Documents\\Git\\personal-trainer\\src\\components\\Loading.tsx": {"path":"C:\\Users\\liamm\\Documents\\Git\\personal-trainer\\src\\components\\Loading.tsx","statementMap":{"0":{"start":{"line":15,"column":47},"end":{"line":53,"column":null}},"1":{"start":{"line":21,"column":2},"end":{"line":51,"column":null}}},"fnMap":{"0":{"name":"(anonymous_0)","decl":{"start":{"line":15,"column":47},"end":{"line":15,"column":48}},"loc":{"start":{"line":20,"column":6},"end":{"line":53,"column":null}},"line":20}},"branchMap":{"0":{"loc":{"start":{"line":17,"column":2},"end":{"line":17,"column":null}},"type":"default-arg","locations":[{"start":{"line":17,"column":9},"end":{"line":17,"column":null}}],"line":17},"1":{"loc":{"start":{"line":30,"column":16},"end":{"line":30,"column":null}},"type":"binary-expr","locations":[{"start":{"line":30,"column":16},"end":{"line":30,"column":26}},{"start":{"line":30,"column":26},"end":{"line":30,"column":null}}],"line":30},"2":{"loc":{"start":{"line":45,"column":9},"end":{"line":48,"column":null}},"type":"binary-expr","locations":[{"start":{"line":45,"column":9},"end":{"line":45,"column":null}},{"start":{"line":46,"column":10},"end":{"line":48,"column":null}}],"line":45}},"s":{"0":1,"1":4},"f":{"0":4},"b":{"0":[4],"1":[4,4],"2":[4,1]},"meta":{"lastBranch":3,"lastFunction":1,"lastStatement":2,"seen":{"s:15:47:53:Infinity":0,"f:15:47:15:48":0,"b:17:9:17:Infinity":0,"s:21:2:51:Infinity":1,"b:30:16:30:26:30:26:30:Infinity":1,"b:45:9:45:Infinity:46:10:48:Infinity":2}}}
,"C:\\Users\\liamm\\Documents\\Git\\personal-trainer\\src\\components\\NotSignedIn.tsx": {"path":"C:\\Users\\liamm\\Documents\\Git\\personal-trainer\\src\\components\\NotSignedIn.tsx","statementMap":{"0":{"start":{"line":9,"column":37},"end":{"line":60,"column":null}},"1":{"start":{"line":10,"column":2},"end":{"line":58,"column":null}},"2":{"start":{"line":17,"column":36},"end":{"line":17,"column":null}}},"fnMap":{"0":{"name":"(anonymous_0)","decl":{"start":{"line":9,"column":37},"end":{"line":9,"column":38}},"loc":{"start":{"line":9,"column":55},"end":{"line":60,"column":null}},"line":9},"1":{"name":"(anonymous_1)","decl":{"start":{"line":17,"column":25},"end":{"line":17,"column":26}},"loc":{"start":{"line":17,"column":36},"end":{"line":17,"column":null}},"line":17}},"branchMap":{},"s":{"0":1,"1":7,"2":7},"f":{"0":7,"1":7},"b":{},"meta":{"lastBranch":0,"lastFunction":2,"lastStatement":3,"seen":{"s:9:37:60:Infinity":0,"f:9:37:9:38":0,"s:10:2:58:Infinity":1,"f:17:25:17:26":1,"s:17:36:17:Infinity":2}}}
,"C:\\Users\\liamm\\Documents\\Git\\personal-trainer\\src\\components\\SettingsMenu.tsx": {"path":"C:\\Users\\liamm\\Documents\\Git\\personal-trainer\\src\\components\\SettingsMenu.tsx","statementMap":{"0":{"start":{"line":29,"column":31},"end":{"line":240,"column":null}},"1":{"start":{"line":30,"column":30},"end":{"line":30,"column":null}},"2":{"start":{"line":31,"column":34},"end":{"line":31,"column":null}},"3":{"start":{"line":32,"column":43},"end":{"line":32,"column":null}},"4":{"start":{"line":33,"column":32},"end":{"line":33,"column":null}},"5":{"start":{"line":34,"column":36},"end":{"line":34,"column":null}},"6":{"start":{"line":35,"column":15},"end":{"line":35,"column":null}},"7":{"start":{"line":37,"column":22},"end":{"line":39,"column":null}},"8":{"start":{"line":38,"column":4},"end":{"line":38,"column":null}},"9":{"start":{"line":41,"column":22},"end":{"line":43,"column":null}},"10":{"start":{"line":42,"column":4},"end":{"line":42,"column":null}},"11":{"start":{"line":45,"column":23},"end":{"line":47,"column":null}},"12":{"start":{"line":46,"column":4},"end":{"line":46,"column":null}},"13":{"start":{"line":49,"column":27},"end":{"line":56,"column":null}},"14":{"start":{"line":50,"column":4},"end":{"line":55,"column":null}},"15":{"start":{"line":51,"column":6},"end":{"line":51,"column":null}},"16":{"start":{"line":52,"column":6},"end":{"line":52,"column":null}},"17":{"start":{"line":53,"column":6},"end":{"line":53,"column":null}},"18":{"start":{"line":54,"column":6},"end":{"line":54,"column":null}},"19":{"start":{"line":58,"column":32},"end":{"line":72,"column":null}},"20":{"start":{"line":59,"column":17},"end":{"line":59,"column":null}},"21":{"start":{"line":60,"column":4},"end":{"line":71,"column":null}},"22":{"start":{"line":61,"column":25},"end":{"line":61,"column":null}},"23":{"start":{"line":62,"column":6},"end":{"line":67,"column":null}},"24":{"start":{"line":63,"column":8},"end":{"line":63,"column":null}},"25":{"start":{"line":64,"column":8},"end":{"line":64,"column":null}},"26":{"start":{"line":65,"column":8},"end":{"line":65,"column":null}},"27":{"start":{"line":66,"column":8},"end":{"line":66,"column":null}},"28":{"start":{"line":68,"column":6},"end":{"line":68,"column":null}},"29":{"start":{"line":69,"column":6},"end":{"line":69,"column":null}},"30":{"start":{"line":70,"column":6},"end":{"line":70,"column":null}},"31":{"start":{"line":74,"column":2},"end":{"line":238,"column":null}},"32":{"start":{"line":179,"column":33},"end":{"line":179,"column":null}},"33":{"start":{"line":187,"column":28},"end":{"line":187,"column":null}},"34":{"start":{"line":191,"column":33},"end":{"line":191,"column":null}},"35":{"start":{"line":199,"column":28},"end":{"line":199,"column":null}},"36":{"start":{"line":203,"column":33},"end":{"line":203,"column":null}},"37":{"start":{"line":214,"column":28},"end":{"line":214,"column":null}},"38":{"start":{"line":226,"column":33},"end":{"line":226,"column":null}},"39":{"start":{"line":234,"column":28},"end":{"line":234,"column":null}}},"fnMap":{"0":{"name":"(anonymous_0)","decl":{"start":{"line":29,"column":31},"end":{"line":29,"column":37}},"loc":{"start":{"line":29,"column":37},"end":{"line":240,"column":null}},"line":29},"1":{"name":"(anonymous_1)","decl":{"start":{"line":37,"column":22},"end":{"line":37,"column":23}},"loc":{"start":{"line":37,"column":70},"end":{"line":39,"column":null}},"line":37},"2":{"name":"(anonymous_2)","decl":{"start":{"line":41,"column":22},"end":{"line":41,"column":34}},"loc":{"start":{"line":41,"column":34},"end":{"line":43,"column":null}},"line":41},"3":{"name":"(anonymous_3)","decl":{"start":{"line":45,"column":23},"end":{"line":45,"column":24}},"loc":{"start":{"line":45,"column":57},"end":{"line":47,"column":null}},"line":45},"4":{"name":"(anonymous_4)","decl":{"start":{"line":49,"column":27},"end":{"line":49,"column":28}},"loc":{"start":{"line":49,"column":105},"end":{"line":56,"column":null}},"line":49},"5":{"name":"(anonymous_5)","decl":{"start":{"line":58,"column":32},"end":{"line":58,"column":33}},"loc":{"start":{"line":58,"column":80},"end":{"line":72,"column":null}},"line":58},"6":{"name":"(anonymous_6)","decl":{"start":{"line":179,"column":27},"end":{"line":179,"column":33}},"loc":{"start":{"line":179,"column":33},"end":{"line":179,"column":null}},"line":179},"7":{"name":"(anonymous_7)","decl":{"start":{"line":187,"column":22},"end":{"line":187,"column":28}},"loc":{"start":{"line":187,"column":28},"end":{"line":187,"column":null}},"line":187},"8":{"name":"(anonymous_8)","decl":{"start":{"line":191,"column":27},"end":{"line":191,"column":33}},"loc":{"start":{"line":191,"column":33},"end":{"line":191,"column":null}},"line":191},"9":{"name":"(anonymous_9)","decl":{"start":{"line":199,"column":22},"end":{"line":199,"column":28}},"loc":{"start":{"line":199,"column":28},"end":{"line":199,"column":null}},"line":199},"10":{"name":"(anonymous_10)","decl":{"start":{"line":203,"column":27},"end":{"line":203,"column":33}},"loc":{"start":{"line":203,"column":33},"end":{"line":203,"column":null}},"line":203},"11":{"name":"(anonymous_11)","decl":{"start":{"line":214,"column":22},"end":{"line":214,"column":28}},"loc":{"start":{"line":214,"column":28},"end":{"line":214,"column":null}},"line":214},"12":{"name":"(anonymous_12)","decl":{"start":{"line":226,"column":27},"end":{"line":226,"column":33}},"loc":{"start":{"line":226,"column":33},"end":{"line":226,"column":null}},"line":226},"13":{"name":"(anonymous_13)","decl":{"start":{"line":234,"column":22},"end":{"line":234,"column":28}},"loc":{"start":{"line":234,"column":28},"end":{"line":234,"column":null}},"line":234}},"branchMap":{"0":{"loc":{"start":{"line":50,"column":4},"end":{"line":55,"column":null}},"type":"if","locations":[{"start":{"line":50,"column":4},"end":{"line":55,"column":null}},{"start":{},"end":{}}],"line":50},"1":{"loc":{"start":{"line":60,"column":4},"end":{"line":71,"column":null}},"type":"if","locations":[{"start":{"line":60,"column":4},"end":{"line":71,"column":null}},{"start":{},"end":{}}],"line":60},"2":{"loc":{"start":{"line":62,"column":6},"end":{"line":67,"column":null}},"type":"if","locations":[{"start":{"line":62,"column":6},"end":{"line":67,"column":null}},{"start":{},"end":{}}],"line":62},"3":{"loc":{"start":{"line":133,"column":11},"end":{"line":165,"column":null}},"type":"binary-expr","locations":[{"start":{"line":133,"column":11},"end":{"line":133,"column":null}},{"start":{"line":134,"column":12},"end":{"line":165,"column":null}}],"line":133},"4":{"loc":{"start":{"line":152,"column":19},"end":{"line":152,"column":null}},"type":"cond-expr","locations":[{"start":{"line":152,"column":31},"end":{"line":152,"column":48}},{"start":{"line":152,"column":48},"end":{"line":152,"column":null}}],"line":152},"5":{"loc":{"start":{"line":155,"column":15},"end":{"line":158,"column":null}},"type":"binary-expr","locations":[{"start":{"line":155,"column":15},"end":{"line":155,"column":null}},{"start":{"line":156,"column":16},"end":{"line":158,"column":null}}],"line":155},"6":{"loc":{"start":{"line":160,"column":15},"end":{"line":163,"column":null}},"type":"binary-expr","locations":[{"start":{"line":160,"column":15},"end":{"line":160,"column":28}},{"start":{"line":160,"column":28},"end":{"line":160,"column":null}},{"start":{"line":161,"column":16},"end":{"line":163,"column":null}}],"line":160}},"s":{"0":1,"1":4,"2":4,"3":4,"4":4,"5":4,"6":4,"7":4,"8":0,"9":4,"10":0,"11":4,"12":0,"13":4,"14":0,"15":0,"16":0,"17":0,"18":0,"19":4,"20":0,"21":0,"22":0,"23":0,"24":0,"25":0,"26":0,"27":0,"28":0,"29":0,"30":0,"31":4,"32":0,"33":0,"34":0,"35":0,"36":0,"37":0,"38":0,"39":0},"f":{"0":4,"1":0,"2":0,"3":0,"4":0,"5":0,"6":0,"7":0,"8":0,"9":0,"10":0,"11":0,"12":0,"13":0},"b":{"0":[0,0],"1":[0,0],"2":[0,0],"3":[4,0],"4":[0,0],"5":[0,0],"6":[0,0,0]},"meta":{"lastBranch":7,"lastFunction":14,"lastStatement":40,"seen":{"s:29:31:240:Infinity":0,"f:29:31:29:37":0,"s:30:30:30:Infinity":1,"s:31:34:31:Infinity":2,"s:32:43:32:Infinity":3,"s:33:32:33:Infinity":4,"s:34:36:34:Infinity":5,"s:35:15:35:Infinity":6,"s:37:22:39:Infinity":7,"f:37:22:37:23":1,"s:38:4:38:Infinity":8,"s:41:22:43:Infinity":9,"f:41:22:41:34":2,"s:42:4:42:Infinity":10,"s:45:23:47:Infinity":11,"f:45:23:45:24":3,"s:46:4:46:Infinity":12,"s:49:27:56:Infinity":13,"f:49:27:49:28":4,"b:50:4:55:Infinity:undefined:undefined:undefined:undefined":0,"s:50:4:55:Infinity":14,"s:51:6:51:Infinity":15,"s:52:6:52:Infinity":16,"s:53:6:53:Infinity":17,"s:54:6:54:Infinity":18,"s:58:32:72:Infinity":19,"f:58:32:58:33":5,"s:59:17:59:Infinity":20,"b:60:4:71:Infinity:undefined:undefined:undefined:undefined":1,"s:60:4:71:Infinity":21,"s:61:25:61:Infinity":22,"b:62:6:67:Infinity:undefined:undefined:undefined:undefined":2,"s:62:6:67:Infinity":23,"s:63:8:63:Infinity":24,"s:64:8:64:Infinity":25,"s:65:8:65:Infinity":26,"s:66:8:66:Infinity":27,"s:68:6:68:Infinity":28,"s:69:6:69:Infinity":29,"s:70:6:70:Infinity":30,"s:74:2:238:Infinity":31,"b:133:11:133:Infinity:134:12:165:Infinity":3,"b:152:31:152:48:152:48:152:Infinity":4,"b:155:15:155:Infinity:156:16:158:Infinity":5,"b:160:15:160:28:160:28:160:Infinity:161:16:163:Infinity":6,"f:179:27:179:33":6,"s:179:33:179:Infinity":32,"f:187:22:187:28":7,"s:187:28:187:Infinity":33,"f:191:27:191:33":8,"s:191:33:191:Infinity":34,"f:199:22:199:28":9,"s:199:28:199:Infinity":35,"f:203:27:203:33":10,"s:203:33:203:Infinity":36,"f:214:22:214:28":11,"s:214:28:214:Infinity":37,"f:226:27:226:33":12,"s:226:33:226:Infinity":38,"f:234:22:234:28":13,"s:234:28:234:Infinity":39}}}
,"C:\\Users\\liamm\\Documents\\Git\\personal-trainer\\src\\components\\UploadInterface.tsx": {"path":"C:\\Users\\liamm\\Documents\\Git\\personal-trainer\\src\\components\\UploadInterface.tsx","statementMap":{"0":{"start":{"line":12,"column":34},"end":{"line":142,"column":null}},"1":{"start":{"line":13,"column":31},"end":{"line":13,"column":null}},"2":{"start":{"line":14,"column":38},"end":{"line":14,"column":null}},"3":{"start":{"line":15,"column":34},"end":{"line":15,"column":null}},"4":{"start":{"line":17,"column":26},"end":{"line":20,"column":null}},"5":{"start":{"line":18,"column":23},"end":{"line":18,"column":null}},"6":{"start":{"line":19,"column":4},"end":{"line":19,"column":null}},"7":{"start":{"line":22,"column":27},"end":{"line":29,"column":null}},"8":{"start":{"line":23,"column":17},"end":{"line":23,"column":null}},"9":{"start":{"line":24,"column":4},"end":{"line":28,"column":null}},"10":{"start":{"line":25,"column":6},"end":{"line":25,"column":null}},"11":{"start":{"line":27,"column":6},"end":{"line":27,"column":null}},"12":{"start":{"line":31,"column":21},"end":{"line":39,"column":null}},"13":{"start":{"line":32,"column":4},"end":{"line":32,"column":null}},"14":{"start":{"line":33,"column":4},"end":{"line":33,"column":null}},"15":{"start":{"line":34,"column":4},"end":{"line":38,"column":null}},"16":{"start":{"line":35,"column":6},"end":{"line":35,"column":null}},"17":{"start":{"line":36,"column":4},"end":{"line":38,"column":null}},"18":{"start":{"line":37,"column":6},"end":{"line":37,"column":null}},"19":{"start":{"line":41,"column":21},"end":{"line":54,"column":null}},"20":{"start":{"line":42,"column":4},"end":{"line":42,"column":null}},"21":{"start":{"line":43,"column":4},"end":{"line":43,"column":null}},"22":{"start":{"line":44,"column":4},"end":{"line":44,"column":null}},"23":{"start":{"line":46,"column":4},"end":{"line":53,"column":null}},"24":{"start":{"line":47,"column":19},"end":{"line":47,"column":null}},"25":{"start":{"line":48,"column":6},"end":{"line":52,"column":null}},"26":{"start":{"line":49,"column":8},"end":{"line":49,"column":null}},"27":{"start":{"line":51,"column":8},"end":{"line":51,"column":null}},"28":{"start":{"line":56,"column":23},"end":{"line":69,"column":null}},"29":{"start":{"line":57,"column":4},"end":{"line":57,"column":null}},"30":{"start":{"line":57,"column":23},"end":{"line":57,"column":null}},"31":{"start":{"line":59,"column":4},"end":{"line":68,"column":null}},"32":{"start":{"line":60,"column":6},"end":{"line":60,"column":null}},"33":{"start":{"line":61,"column":6},"end":{"line":61,"column":null}},"34":{"start":{"line":63,"column":6},"end":{"line":67,"column":null}},"35":{"start":{"line":64,"column":8},"end":{"line":64,"column":null}},"36":{"start":{"line":66,"column":8},"end":{"line":66,"column":null}},"37":{"start":{"line":71,"column":2},"end":{"line":140,"column":null}},"38":{"start":{"line":96,"column":23},"end":{"line":96,"column":null}}},"fnMap":{"0":{"name":"(anonymous_0)","decl":{"start":{"line":12,"column":34},"end":{"line":12,"column":40}},"loc":{"start":{"line":12,"column":40},"end":{"line":142,"column":null}},"line":12},"1":{"name":"(anonymous_1)","decl":{"start":{"line":17,"column":26},"end":{"line":17,"column":27}},"loc":{"start":{"line":17,"column":51},"end":{"line":20,"column":null}},"line":17},"2":{"name":"(anonymous_2)","decl":{"start":{"line":22,"column":27},"end":{"line":22,"column":28}},"loc":{"start":{"line":22,"column":71},"end":{"line":29,"column":null}},"line":22},"3":{"name":"(anonymous_3)","decl":{"start":{"line":31,"column":21},"end":{"line":31,"column":22}},"loc":{"start":{"line":31,"column":61},"end":{"line":39,"column":null}},"line":31},"4":{"name":"(anonymous_4)","decl":{"start":{"line":41,"column":21},"end":{"line":41,"column":22}},"loc":{"start":{"line":41,"column":61},"end":{"line":54,"column":null}},"line":41},"5":{"name":"(anonymous_5)","decl":{"start":{"line":56,"column":23},"end":{"line":56,"column":50}},"loc":{"start":{"line":56,"column":50},"end":{"line":69,"column":null}},"line":56},"6":{"name":"(anonymous_6)","decl":{"start":{"line":96,"column":17},"end":{"line":96,"column":23}},"loc":{"start":{"line":96,"column":23},"end":{"line":96,"column":null}},"line":96}},"branchMap":{"0":{"loc":{"start":{"line":24,"column":4},"end":{"line":28,"column":null}},"type":"if","locations":[{"start":{"line":24,"column":4},"end":{"line":28,"column":null}},{"start":{"line":26,"column":11},"end":{"line":28,"column":null}}],"line":24},"1":{"loc":{"start":{"line":24,"column":8},"end":{"line":24,"column":39}},"type":"binary-expr","locations":[{"start":{"line":24,"column":8},"end":{"line":24,"column":16}},{"start":{"line":24,"column":16},"end":{"line":24,"column":39}}],"line":24},"2":{"loc":{"start":{"line":34,"column":4},"end":{"line":38,"column":null}},"type":"if","locations":[{"start":{"line":34,"column":4},"end":{"line":38,"column":null}},{"start":{"line":36,"column":4},"end":{"line":38,"column":null}}],"line":34},"3":{"loc":{"start":{"line":34,"column":8},"end":{"line":34,"column":57}},"type":"binary-expr","locations":[{"start":{"line":34,"column":8},"end":{"line":34,"column":34}},{"start":{"line":34,"column":34},"end":{"line":34,"column":57}}],"line":34},"4":{"loc":{"start":{"line":36,"column":4},"end":{"line":38,"column":null}},"type":"if","locations":[{"start":{"line":36,"column":4},"end":{"line":38,"column":null}},{"start":{},"end":{}}],"line":36},"5":{"loc":{"start":{"line":46,"column":4},"end":{"line":53,"column":null}},"type":"if","locations":[{"start":{"line":46,"column":4},"end":{"line":53,"column":null}},{"start":{},"end":{}}],"line":46},"6":{"loc":{"start":{"line":46,"column":8},"end":{"line":46,"column":57}},"type":"binary-expr","locations":[{"start":{"line":46,"column":8},"end":{"line":46,"column":32}},{"start":{"line":46,"column":32},"end":{"line":46,"column":57}}],"line":46},"7":{"loc":{"start":{"line":48,"column":6},"end":{"line":52,"column":null}},"type":"if","locations":[{"start":{"line":48,"column":6},"end":{"line":52,"column":null}},{"start":{"line":50,"column":13},"end":{"line":52,"column":null}}],"line":48},"8":{"loc":{"start":{"line":57,"column":4},"end":{"line":57,"column":null}},"type":"if","locations":[{"start":{"line":57,"column":4},"end":{"line":57,"column":null}},{"start":{},"end":{}}],"line":57},"9":{"loc":{"start":{"line":63,"column":6},"end":{"line":67,"column":null}},"type":"if","locations":[{"start":{"line":63,"column":6},"end":{"line":67,"column":null}},{"start":{"line":65,"column":13},"end":{"line":67,"column":null}}],"line":63},"10":{"loc":{"start":{"line":79,"column":18},"end":{"line":79,"column":null}},"type":"cond-expr","locations":[{"start":{"line":79,"column":31},"end":{"line":79,"column":54}},{"start":{"line":79,"column":54},"end":{"line":79,"column":null}}],"line":79},"11":{"loc":{"start":{"line":83,"column":27},"end":{"line":83,"column":null}},"type":"cond-expr","locations":[{"start":{"line":83,"column":40},"end":{"line":83,"column":57}},{"start":{"line":83,"column":57},"end":{"line":83,"column":null}}],"line":83},"12":{"loc":{"start":{"line":106,"column":9},"end":{"line":125,"column":null}},"type":"cond-expr","locations":[{"start":{"line":107,"column":10},"end":{"line":115,"column":null}},{"start":{"line":117,"column":10},"end":{"line":125,"column":null}}],"line":106},"13":{"loc":{"start":{"line":133,"column":18},"end":{"line":133,"column":null}},"type":"binary-expr","locations":[{"start":{"line":133,"column":18},"end":{"line":133,"column":35}},{"start":{"line":133,"column":35},"end":{"line":133,"column":null}}],"line":133},"14":{"loc":{"start":{"line":138,"column":9},"end":{"line":138,"column":null}},"type":"cond-expr","locations":[{"start":{"line":138,"column":19},"end":{"line":138,"column":36}},{"start":{"line":138,"column":36},"end":{"line":138,"column":null}}],"line":138}},"s":{"0":1,"1":23,"2":23,"3":23,"4":23,"5":8,"6":8,"7":23,"8":8,"9":8,"10":8,"11":0,"12":23,"13":0,"14":0,"15":0,"16":0,"17":0,"18":0,"19":23,"20":0,"21":0,"22":0,"23":0,"24":0,"25":0,"26":0,"27":0,"28":23,"29":3,"30":0,"31":3,"32":3,"33":2,"34":1,"35":1,"36":0,"37":23,"38":16},"f":{"0":23,"1":8,"2":8,"3":0,"4":0,"5":3,"6":16},"b":{"0":[8,0],"1":[8,8],"2":[0,0],"3":[0,0],"4":[0,0],"5":[0,0],"6":[0,0],"7":[0,0],"8":[0,3],"9":[1,0],"10":[0,23],"11":[0,23],"12":[8,15],"13":[23,8],"14":[1,22]},"meta":{"lastBranch":15,"lastFunction":7,"lastStatement":39,"seen":{"s:12:34:142:Infinity":0,"f:12:34:12:40":0,"s:13:31:13:Infinity":1,"s:14:38:14:Infinity":2,"s:15:34:15:Infinity":3,"s:17:26:20:Infinity":4,"f:17:26:17:27":1,"s:18:23:18:Infinity":5,"s:19:4:19:Infinity":6,"s:22:27:29:Infinity":7,"f:22:27:22:28":2,"s:23:17:23:Infinity":8,"b:24:4:28:Infinity:26:11:28:Infinity":0,"s:24:4:28:Infinity":9,"b:24:8:24:16:24:16:24:39":1,"s:25:6:25:Infinity":10,"s:27:6:27:Infinity":11,"s:31:21:39:Infinity":12,"f:31:21:31:22":3,"s:32:4:32:Infinity":13,"s:33:4:33:Infinity":14,"b:34:4:38:Infinity:36:4:38:Infinity":2,"s:34:4:38:Infinity":15,"b:34:8:34:34:34:34:34:57":3,"s:35:6:35:Infinity":16,"b:36:4:38:Infinity:undefined:undefined:undefined:undefined":4,"s:36:4:38:Infinity":17,"s:37:6:37:Infinity":18,"s:41:21:54:Infinity":19,"f:41:21:41:22":4,"s:42:4:42:Infinity":20,"s:43:4:43:Infinity":21,"s:44:4:44:Infinity":22,"b:46:4:53:Infinity:undefined:undefined:undefined:undefined":5,"s:46:4:53:Infinity":23,"b:46:8:46:32:46:32:46:57":6,"s:47:19:47:Infinity":24,"b:48:6:52:Infinity:50:13:52:Infinity":7,"s:48:6:52:Infinity":25,"s:49:8:49:Infinity":26,"s:51:8:51:Infinity":27,"s:56:23:69:Infinity":28,"f:56:23:56:50":5,"b:57:4:57:Infinity:undefined:undefined:undefined:undefined":8,"s:57:4:57:Infinity":29,"s:57:23:57:Infinity":30,"s:59:4:68:Infinity":31,"s:60:6:60:Infinity":32,"s:61:6:61:Infinity":33,"b:63:6:67:Infinity:65:13:67:Infinity":9,"s:63:6:67:Infinity":34,"s:64:8:64:Infinity":35,"s:66:8:66:Infinity":36,"s:71:2:140:Infinity":37,"b:79:31:79:54:79:54:79:Infinity":10,"b:83:40:83:57:83:57:83:Infinity":11,"f:96:17:96:23":6,"s:96:23:96:Infinity":38,"b:107:10:115:Infinity:117:10:125:Infinity":12,"b:133:18:133:35:133:35:133:Infinity":13,"b:138:19:138:36:138:36:138:Infinity":14}}}
,"C:\\Users\\liamm\\Documents\\Git\\personal-trainer\\src\\components\\VideoFeed.tsx": {"path":"C:\\Users\\liamm\\Documents\\Git\\personal-trainer\\src\\components\\VideoFeed.tsx","statementMap":{"0":{"start":{"line":16,"column":44},"end":{"line":135,"column":null}},"1":{"start":{"line":17,"column":107},"end":{"line":17,"column":null}},"2":{"start":{"line":18,"column":19},"end":{"line":18,"column":null}},"3":{"start":{"line":19,"column":38},"end":{"line":19,"column":null}},"4":{"start":{"line":20,"column":8},"end":{"line":20,"column":null}},"5":{"start":{"line":22,"column":33},"end":{"line":42,"column":null}},"6":{"start":{"line":23,"column":4},"end":{"line":23,"column":null}},"7":{"start":{"line":23,"column":31},"end":{"line":23,"column":null}},"8":{"start":{"line":25,"column":4},"end":{"line":41,"column":null}},"9":{"start":{"line":26,"column":6},"end":{"line":38,"column":null}},"10":{"start":{"line":28,"column":8},"end":{"line":30,"column":null}},"11":{"start":{"line":29,"column":10},"end":{"line":29,"column":null}},"12":{"start":{"line":31,"column":8},"end":{"line":31,"column":null}},"13":{"start":{"line":34,"column":8},"end":{"line":36,"column":null}},"14":{"start":{"line":35,"column":10},"end":{"line":35,"column":null}},"15":{"start":{"line":37,"column":8},"end":{"line":37,"column":null}},"16":{"start":{"line":40,"column":6},"end":{"line":40,"column":null}},"17":{"start":{"line":45,"column":2},"end":{"line":59,"column":null}},"18":{"start":{"line":46,"column":4},"end":{"line":57,"column":null}},"19":{"start":{"line":61,"column":2},"end":{"line":133,"column":null}}},"fnMap":{"0":{"name":"(anonymous_0)","decl":{"start":{"line":16,"column":44},"end":{"line":16,"column":45}},"loc":{"start":{"line":16,"column":67},"end":{"line":135,"column":null}},"line":16},"1":{"name":"(anonymous_1)","decl":{"start":{"line":22,"column":33},"end":{"line":22,"column":45}},"loc":{"start":{"line":22,"column":45},"end":{"line":42,"column":null}},"line":22}},"branchMap":{"0":{"loc":{"start":{"line":23,"column":4},"end":{"line":23,"column":null}},"type":"if","locations":[{"start":{"line":23,"column":4},"end":{"line":23,"column":null}},{"start":{},"end":{}}],"line":23},"1":{"loc":{"start":{"line":26,"column":6},"end":{"line":38,"column":null}},"type":"if","locations":[{"start":{"line":26,"column":6},"end":{"line":38,"column":null}},{"start":{"line":32,"column":13},"end":{"line":38,"column":null}}],"line":26},"2":{"loc":{"start":{"line":28,"column":8},"end":{"line":30,"column":null}},"type":"if","locations":[{"start":{"line":28,"column":8},"end":{"line":30,"column":null}},{"start":{},"end":{}}],"line":28},"3":{"loc":{"start":{"line":34,"column":8},"end":{"line":36,"column":null}},"type":"if","locations":[{"start":{"line":34,"column":8},"end":{"line":36,"column":null}},{"start":{},"end":{}}],"line":34},"4":{"loc":{"start":{"line":45,"column":2},"end":{"line":59,"column":null}},"type":"if","locations":[{"start":{"line":45,"column":2},"end":{"line":59,"column":null}},{"start":{},"end":{}}],"line":45},"5":{"loc":{"start":{"line":69,"column":16},"end":{"line":69,"column":null}},"type":"cond-expr","locations":[{"start":{"line":69,"column":31},"end":{"line":69,"column":41}},{"start":{"line":69,"column":41},"end":{"line":69,"column":null}}],"line":69},"6":{"loc":{"start":{"line":70,"column":15},"end":{"line":70,"column":null}},"type":"cond-expr","locations":[{"start":{"line":70,"column":30},"end":{"line":70,"column":40}},{"start":{"line":70,"column":40},"end":{"line":70,"column":null}}],"line":70},"7":{"loc":{"start":{"line":75,"column":7},"end":{"line":75,"column":null}},"type":"binary-expr","locations":[{"start":{"line":75,"column":7},"end":{"line":75,"column":21}},{"start":{"line":75,"column":21},"end":{"line":75,"column":null}}],"line":75},"8":{"loc":{"start":{"line":88,"column":24},"end":{"line":88,"column":null}},"type":"cond-expr","locations":[{"start":{"line":88,"column":39},"end":{"line":88,"column":59}},{"start":{"line":88,"column":59},"end":{"line":88,"column":null}}],"line":88},"9":{"loc":{"start":{"line":99,"column":13},"end":{"line":99,"column":null}},"type":"cond-expr","locations":[{"start":{"line":99,"column":28},"end":{"line":99,"column":53}},{"start":{"line":99,"column":53},"end":{"line":99,"column":null}}],"line":99},"10":{"loc":{"start":{"line":103,"column":9},"end":{"line":117,"column":null}},"type":"binary-expr","locations":[{"start":{"line":103,"column":9},"end":{"line":103,"column":null}},{"start":{"line":104,"column":10},"end":{"line":117,"column":null}}],"line":103},"11":{"loc":{"start":{"line":122,"column":7},"end":{"line":131,"column":null}},"type":"binary-expr","locations":[{"start":{"line":122,"column":7},"end":{"line":122,"column":20}},{"start":{"line":122,"column":20},"end":{"line":122,"column":null}},{"start":{"line":123,"column":8},"end":{"line":131,"column":null}}],"line":122},"12":{"loc":{"start":{"line":130,"column":24},"end":{"line":130,"column":null}},"type":"binary-expr","locations":[{"start":{"line":130,"column":24},"end":{"line":130,"column":48}},{"start":{"line":130,"column":48},"end":{"line":130,"column":null}}],"line":130}},"s":{"0":1,"1":6,"2":6,"3":6,"4":6,"5":6,"6":0,"7":0,"8":0,"9":0,"10":0,"11":0,"12":0,"13":0,"14":0,"15":0,"16":0,"17":6,"18":6,"19":0},"f":{"0":6,"1":0},"b":{"0":[0,0],"1":[0,0],"2":[0,0],"3":[0,0],"4":[6,0],"5":[0,0],"6":[0,0],"7":[6,0],"8":[0,0],"9":[0,0],"10":[6,0],"11":[6,0,0],"12":[0,0]},"meta":{"lastBranch":13,"lastFunction":2,"lastStatement":20,"seen":{"s:16:44:135:Infinity":0,"f:16:44:16:45":0,"s:17:107:17:Infinity":1,"s:18:19:18:Infinity":2,"s:19:38:19:Infinity":3,"s:20:8:20:Infinity":4,"s:22:33:42:Infinity":5,"f:22:33:22:45":1,"b:23:4:23:Infinity:undefined:undefined:undefined:undefined":0,"s:23:4:23:Infinity":6,"s:23:31:23:Infinity":7,"s:25:4:41:Infinity":8,"b:26:6:38:Infinity:32:13:38:Infinity":1,"s:26:6:38:Infinity":9,"b:28:8:30:Infinity:undefined:undefined:undefined:undefined":2,"s:28:8:30:Infinity":10,"s:29:10:29:Infinity":11,"s:31:8:31:Infinity":12,"b:34:8:36:Infinity:undefined:undefined:undefined:undefined":3,"s:34:8:36:Infinity":13,"s:35:10:35:Infinity":14,"s:37:8:37:Infinity":15,"s:40:6:40:Infinity":16,"b:45:2:59:Infinity:undefined:undefined:undefined:undefined":4,"s:45:2:59:Infinity":17,"s:46:4:57:Infinity":18,"s:61:2:133:Infinity":19,"b:69:31:69:41:69:41:69:Infinity":5,"b:70:30:70:40:70:40:70:Infinity":6,"b:75:7:75:21:75:21:75:Infinity":7,"b:88:39:88:59:88:59:88:Infinity":8,"b:99:28:99:53:99:53:99:Infinity":9,"b:103:9:103:Infinity:104:10:117:Infinity":10,"b:122:7:122:20:122:20:122:Infinity:123:8:131:Infinity":11,"b:130:24:130:48:130:48:130:Infinity":12}}}
,"C:\\Users\\liamm\\Documents\\Git\\personal-trainer\\src\\components\\WorkoutCompleteDialog.tsx": {"path":"C:\\Users\\liamm\\Documents\\Git\\personal-trainer\\src\\components\\WorkoutCompleteDialog.tsx","statementMap":{"0":{"start":{"line":25,"column":68},"end":{"line":142,"column":null}},"1":{"start":{"line":26,"column":21},"end":{"line":30,"column":null}},"2":{"start":{"line":27,"column":17},"end":{"line":27,"column":null}},"3":{"start":{"line":28,"column":17},"end":{"line":28,"column":null}},"4":{"start":{"line":29,"column":4},"end":{"line":29,"column":null}},"5":{"start":{"line":32,"column":2},"end":{"line":140,"column":null}}},"fnMap":{"0":{"name":"(anonymous_0)","decl":{"start":{"line":25,"column":68},"end":{"line":25,"column":69}},"loc":{"start":{"line":25,"column":112},"end":{"line":142,"column":null}},"line":25},"1":{"name":"(anonymous_1)","decl":{"start":{"line":26,"column":21},"end":{"line":26,"column":22}},"loc":{"start":{"line":26,"column":50},"end":{"line":30,"column":null}},"line":26}},"branchMap":{"0":{"loc":{"start":{"line":75,"column":19},"end":{"line":75,"column":null}},"type":"binary-expr","locations":[{"start":{"line":75,"column":19},"end":{"line":75,"column":49}},{"start":{"line":75,"column":49},"end":{"line":75,"column":64}},{"start":{"line":75,"column":64},"end":{"line":75,"column":null}}],"line":75},"1":{"loc":{"start":{"line":87,"column":21},"end":{"line":87,"column":72}},"type":"binary-expr","locations":[{"start":{"line":87,"column":21},"end":{"line":87,"column":51}},{"start":{"line":87,"column":51},"end":{"line":87,"column":66}},{"start":{"line":87,"column":66},"end":{"line":87,"column":72}}],"line":87},"2":{"loc":{"start":{"line":87,"column":72},"end":{"line":87,"column":null}},"type":"binary-expr","locations":[{"start":{"line":87,"column":72},"end":{"line":87,"column":110}},{"start":{"line":87,"column":110},"end":{"line":87,"column":125}},{"start":{"line":87,"column":125},"end":{"line":87,"column":null}}],"line":87},"3":{"loc":{"start":{"line":99,"column":30},"end":{"line":99,"column":50}},"type":"binary-expr","locations":[{"start":{"line":99,"column":30},"end":{"line":99,"column":49}},{"start":{"line":99,"column":49},"end":{"line":99,"column":50}}],"line":99}},"s":{"0":1,"1":3,"2":2,"3":2,"4":2,"5":3},"f":{"0":3,"1":2},"b":{"0":[3,2,0],"1":[3,2,0],"2":[3,2,0],"3":[3,0]},"meta":{"lastBranch":4,"lastFunction":2,"lastStatement":6,"seen":{"s:25:68:142:Infinity":0,"f:25:68:25:69":0,"s:26:21:30:Infinity":1,"f:26:21:26:22":1,"s:27:17:27:Infinity":2,"s:28:17:28:Infinity":3,"s:29:4:29:Infinity":4,"s:32:2:140:Infinity":5,"b:75:19:75:49:75:49:75:64:75:64:75:Infinity":0,"b:87:21:87:51:87:51:87:66:87:66:87:72":1,"b:87:72:87:110:87:110:87:125:87:125:87:Infinity":2,"b:99:30:99:49:99:49:99:50":3}}}
,"C:\\Users\\liamm\\Documents\\Git\\personal-trainer\\src\\components\\WorkoutPlan.tsx": {"path":"C:\\Users\\liamm\\Documents\\Git\\personal-trainer\\src\\components\\WorkoutPlan.tsx","statementMap":{"0":{"start":{"line":37,"column":30},"end":{"line":618,"column":null}},"1":{"start":{"line":38,"column":254},"end":{"line":38,"column":null}},"2":{"start":{"line":39,"column":19},"end":{"line":39,"column":null}},"3":{"start":{"line":40,"column":30},"end":{"line":40,"column":null}},"4":{"start":{"line":41,"column":46},"end":{"line":41,"column":null}},"5":{"start":{"line":42,"column":22},"end":{"line":42,"column":null}},"6":{"start":{"line":43,"column":22},"end":{"line":43,"column":null}},"7":{"start":{"line":44,"column":26},"end":{"line":44,"column":null}},"8":{"start":{"line":45,"column":22},"end":{"line":45,"column":null}},"9":{"start":{"line":46,"column":44},"end":{"line":52,"column":null}},"10":{"start":{"line":54,"column":40},"end":{"line":70,"column":null}},"11":{"start":{"line":55,"column":4},"end":{"line":55,"column":null}},"12":{"start":{"line":55,"column":27},"end":{"line":55,"column":null}},"13":{"start":{"line":57,"column":36},"end":{"line":62,"column":null}},"14":{"start":{"line":65,"column":4},"end":{"line":69,"column":null}},"15":{"start":{"line":66,"column":6},"end":{"line":66,"column":null}},"16":{"start":{"line":68,"column":6},"end":{"line":68,"column":null}},"17":{"start":{"line":72,"column":21},"end":{"line":75,"column":null}},"18":{"start":{"line":73,"column":4},"end":{"line":73,"column":null}},"19":{"start":{"line":74,"column":4},"end":{"line":74,"column":null}},"20":{"start":{"line":77,"column":29},"end":{"line":94,"column":null}},"21":{"start":{"line":78,"column":4},"end":{"line":78,"column":null}},"22":{"start":{"line":78,"column":27},"end":{"line":78,"column":null}},"23":{"start":{"line":80,"column":4},"end":{"line":86,"column":null}},"24":{"start":{"line":89,"column":4},"end":{"line":89,"column":null}},"25":{"start":{"line":90,"column":4},"end":{"line":90,"column":null}},"26":{"start":{"line":91,"column":4},"end":{"line":91,"column":null}},"27":{"start":{"line":92,"column":4},"end":{"line":92,"column":null}},"28":{"start":{"line":93,"column":4},"end":{"line":93,"column":null}},"29":{"start":{"line":96,"column":42},"end":{"line":98,"column":null}},"30":{"start":{"line":97,"column":4},"end":{"line":97,"column":null}},"31":{"start":{"line":97,"column":56},"end":{"line":97,"column":67}},"32":{"start":{"line":100,"column":30},"end":{"line":116,"column":null}},"33":{"start":{"line":101,"column":4},"end":{"line":101,"column":null}},"34":{"start":{"line":101,"column":38},"end":{"line":101,"column":null}},"35":{"start":{"line":103,"column":27},"end":{"line":110,"column":null}},"36":{"start":{"line":103,"column":56},"end":{"line":110,"column":6}},"37":{"start":{"line":112,"column":4},"end":{"line":112,"column":null}},"38":{"start":{"line":115,"column":4},"end":{"line":115,"column":null}},"39":{"start":{"line":118,"column":2},"end":{"line":296,"column":null}},"40":{"start":{"line":120,"column":4},"end":{"line":294,"column":null}},"41":{"start":{"line":130,"column":38},"end":{"line":130,"column":null}},"42":{"start":{"line":133,"column":12},"end":{"line":133,"column":null}},"43":{"start":{"line":137,"column":12},"end":{"line":141,"column":null}},"44":{"start":{"line":157,"column":66},"end":{"line":157,"column":null}},"45":{"start":{"line":168,"column":66},"end":{"line":168,"column":null}},"46":{"start":{"line":179,"column":66},"end":{"line":179,"column":null}},"47":{"start":{"line":190,"column":66},"end":{"line":190,"column":null}},"48":{"start":{"line":217,"column":16},"end":{"line":238,"column":null}},"49":{"start":{"line":231,"column":39},"end":{"line":231,"column":null}},"50":{"start":{"line":287,"column":56},"end":{"line":287,"column":80}},"51":{"start":{"line":298,"column":30},"end":{"line":312,"column":null}},"52":{"start":{"line":299,"column":4},"end":{"line":299,"column":null}},"53":{"start":{"line":299,"column":58},"end":{"line":299,"column":null}},"54":{"start":{"line":301,"column":36},"end":{"line":307,"column":null}},"55":{"start":{"line":309,"column":4},"end":{"line":311,"column":null}},"56":{"start":{"line":310,"column":6},"end":{"line":310,"column":null}},"57":{"start":{"line":314,"column":25},"end":{"line":314,"column":null}},"58":{"start":{"line":315,"column":25},"end":{"line":315,"column":null}},"59":{"start":{"line":316,"column":26},"end":{"line":316,"column":null}},"60":{"start":{"line":318,"column":2},"end":{"line":616,"column":null}},"61":{"start":{"line":320,"column":53},"end":{"line":320,"column":null}},"62":{"start":{"line":351,"column":16},"end":{"line":351,"column":null}},"63":{"start":{"line":352,"column":16},"end":{"line":352,"column":null}},"64":{"start":{"line":382,"column":34},"end":{"line":382,"column":null}},"65":{"start":{"line":383,"column":42},"end":{"line":383,"column":null}},"66":{"start":{"line":384,"column":34},"end":{"line":384,"column":null}},"67":{"start":{"line":386,"column":14},"end":{"line":495,"column":null}},"68":{"start":{"line":432,"column":43},"end":{"line":432,"column":null}},"69":{"start":{"line":485,"column":41},"end":{"line":485,"column":null}},"70":{"start":{"line":512,"column":38},"end":{"line":512,"column":null}},"71":{"start":{"line":515,"column":12},"end":{"line":515,"column":null}},"72":{"start":{"line":519,"column":12},"end":{"line":524,"column":null}},"73":{"start":{"line":537,"column":66},"end":{"line":537,"column":null}},"74":{"start":{"line":548,"column":66},"end":{"line":548,"column":null}},"75":{"start":{"line":559,"column":66},"end":{"line":559,"column":null}},"76":{"start":{"line":570,"column":66},"end":{"line":570,"column":null}},"77":{"start":{"line":607,"column":56},"end":{"line":607,"column":80}}},"fnMap":{"0":{"name":"(anonymous_0)","decl":{"start":{"line":37,"column":30},"end":{"line":37,"column":36}},"loc":{"start":{"line":37,"column":36},"end":{"line":618,"column":null}},"line":37},"1":{"name":"(anonymous_1)","decl":{"start":{"line":54,"column":40},"end":{"line":54,"column":67}},"loc":{"start":{"line":54,"column":67},"end":{"line":70,"column":null}},"line":54},"2":{"name":"(anonymous_2)","decl":{"start":{"line":72,"column":21},"end":{"line":72,"column":48}},"loc":{"start":{"line":72,"column":48},"end":{"line":75,"column":null}},"line":72},"3":{"name":"(anonymous_3)","decl":{"start":{"line":77,"column":29},"end":{"line":77,"column":41}},"loc":{"start":{"line":77,"column":41},"end":{"line":94,"column":null}},"line":77},"4":{"name":"(anonymous_4)","decl":{"start":{"line":96,"column":42},"end":{"line":96,"column":43}},"loc":{"start":{"line":96,"column":67},"end":{"line":98,"column":null}},"line":96},"5":{"name":"(anonymous_5)","decl":{"start":{"line":97,"column":46},"end":{"line":97,"column":47}},"loc":{"start":{"line":97,"column":56},"end":{"line":97,"column":67}},"line":97},"6":{"name":"(anonymous_6)","decl":{"start":{"line":100,"column":30},"end":{"line":100,"column":42}},"loc":{"start":{"line":100,"column":42},"end":{"line":116,"column":null}},"line":100},"7":{"name":"(anonymous_7)","decl":{"start":{"line":103,"column":47},"end":{"line":103,"column":56}},"loc":{"start":{"line":103,"column":56},"end":{"line":110,"column":6}},"line":103},"8":{"name":"(anonymous_8)","decl":{"start":{"line":130,"column":26},"end":{"line":130,"column":27}},"loc":{"start":{"line":130,"column":38},"end":{"line":130,"column":null}},"line":130},"9":{"name":"(anonymous_9)","decl":{"start":{"line":132,"column":20},"end":{"line":132,"column":21}},"loc":{"start":{"line":132,"column":74},"end":{"line":134,"column":null}},"line":132},"10":{"name":"(anonymous_10)","decl":{"start":{"line":136,"column":23},"end":{"line":136,"column":24}},"loc":{"start":{"line":137,"column":12},"end":{"line":141,"column":null}},"line":137},"11":{"name":"(anonymous_11)","decl":{"start":{"line":157,"column":28},"end":{"line":157,"column":29}},"loc":{"start":{"line":157,"column":66},"end":{"line":157,"column":null}},"line":157},"12":{"name":"(anonymous_12)","decl":{"start":{"line":168,"column":28},"end":{"line":168,"column":29}},"loc":{"start":{"line":168,"column":66},"end":{"line":168,"column":null}},"line":168},"13":{"name":"(anonymous_13)","decl":{"start":{"line":179,"column":28},"end":{"line":179,"column":29}},"loc":{"start":{"line":179,"column":66},"end":{"line":179,"column":null}},"line":179},"14":{"name":"(anonymous_14)","decl":{"start":{"line":190,"column":28},"end":{"line":190,"column":29}},"loc":{"start":{"line":190,"column":66},"end":{"line":190,"column":null}},"line":190},"15":{"name":"(anonymous_15)","decl":{"start":{"line":216,"column":35},"end":{"line":216,"column":36}},"loc":{"start":{"line":217,"column":16},"end":{"line":238,"column":null}},"line":217},"16":{"name":"(anonymous_16)","decl":{"start":{"line":231,"column":33},"end":{"line":231,"column":39}},"loc":{"start":{"line":231,"column":39},"end":{"line":231,"column":null}},"line":231},"17":{"name":"(anonymous_17)","decl":{"start":{"line":287,"column":51},"end":{"line":287,"column":56}},"loc":{"start":{"line":287,"column":56},"end":{"line":287,"column":80}},"line":287},"18":{"name":"(anonymous_18)","decl":{"start":{"line":298,"column":30},"end":{"line":298,"column":31}},"loc":{"start":{"line":298,"column":70},"end":{"line":312,"column":null}},"line":298},"19":{"name":"(anonymous_19)","decl":{"start":{"line":320,"column":47},"end":{"line":320,"column":53}},"loc":{"start":{"line":320,"column":53},"end":{"line":320,"column":null}},"line":320},"20":{"name":"(anonymous_20)","decl":{"start":{"line":350,"column":23},"end":{"line":350,"column":24}},"loc":{"start":{"line":350,"column":48},"end":{"line":353,"column":null}},"line":350},"21":{"name":"(anonymous_21)","decl":{"start":{"line":381,"column":40},"end":{"line":381,"column":41}},"loc":{"start":{"line":381,"column":69},"end":{"line":497,"column":13}},"line":381},"22":{"name":"(anonymous_22)","decl":{"start":{"line":432,"column":37},"end":{"line":432,"column":43}},"loc":{"start":{"line":432,"column":43},"end":{"line":432,"column":null}},"line":432},"23":{"name":"(anonymous_23)","decl":{"start":{"line":485,"column":35},"end":{"line":485,"column":41}},"loc":{"start":{"line":485,"column":41},"end":{"line":485,"column":null}},"line":485},"24":{"name":"(anonymous_24)","decl":{"start":{"line":512,"column":26},"end":{"line":512,"column":27}},"loc":{"start":{"line":512,"column":38},"end":{"line":512,"column":null}},"line":512},"25":{"name":"(anonymous_25)","decl":{"start":{"line":514,"column":20},"end":{"line":514,"column":21}},"loc":{"start":{"line":514,"column":74},"end":{"line":516,"column":null}},"line":514},"26":{"name":"(anonymous_26)","decl":{"start":{"line":518,"column":23},"end":{"line":518,"column":24}},"loc":{"start":{"line":519,"column":12},"end":{"line":524,"column":null}},"line":519},"27":{"name":"(anonymous_27)","decl":{"start":{"line":537,"column":28},"end":{"line":537,"column":29}},"loc":{"start":{"line":537,"column":66},"end":{"line":537,"column":null}},"line":537},"28":{"name":"(anonymous_28)","decl":{"start":{"line":548,"column":28},"end":{"line":548,"column":29}},"loc":{"start":{"line":548,"column":66},"end":{"line":548,"column":null}},"line":548},"29":{"name":"(anonymous_29)","decl":{"start":{"line":559,"column":28},"end":{"line":559,"column":29}},"loc":{"start":{"line":559,"column":66},"end":{"line":559,"column":null}},"line":559},"30":{"name":"(anonymous_30)","decl":{"start":{"line":570,"column":28},"end":{"line":570,"column":29}},"loc":{"start":{"line":570,"column":66},"end":{"line":570,"column":null}},"line":570},"31":{"name":"(anonymous_31)","decl":{"start":{"line":607,"column":51},"end":{"line":607,"column":56}},"loc":{"start":{"line":607,"column":56},"end":{"line":607,"column":80}},"line":607}},"branchMap":{"0":{"loc":{"start":{"line":55,"column":4},"end":{"line":55,"column":null}},"type":"if","locations":[{"start":{"line":55,"column":4},"end":{"line":55,"column":null}},{"start":{},"end":{}}],"line":55},"1":{"loc":{"start":{"line":65,"column":4},"end":{"line":69,"column":null}},"type":"if","locations":[{"start":{"line":65,"column":4},"end":{"line":69,"column":null}},{"start":{"line":67,"column":11},"end":{"line":69,"column":null}}],"line":65},"2":{"loc":{"start":{"line":65,"column":8},"end":{"line":65,"column":61}},"type":"binary-expr","locations":[{"start":{"line":65,"column":8},"end":{"line":65,"column":42}},{"start":{"line":65,"column":42},"end":{"line":65,"column":61}}],"line":65},"3":{"loc":{"start":{"line":78,"column":4},"end":{"line":78,"column":null}},"type":"if","locations":[{"start":{"line":78,"column":4},"end":{"line":78,"column":null}},{"start":{},"end":{}}],"line":78},"4":{"loc":{"start":{"line":101,"column":4},"end":{"line":101,"column":null}},"type":"if","locations":[{"start":{"line":101,"column":4},"end":{"line":101,"column":null}},{"start":{},"end":{}}],"line":101},"5":{"loc":{"start":{"line":118,"column":2},"end":{"line":296,"column":null}},"type":"if","locations":[{"start":{"line":118,"column":2},"end":{"line":296,"column":null}},{"start":{},"end":{}}],"line":118},"6":{"loc":{"start":{"line":146,"column":30},"end":{"line":146,"column":61}},"type":"binary-expr","locations":[{"start":{"line":146,"column":30},"end":{"line":146,"column":50}},{"start":{"line":146,"column":50},"end":{"line":146,"column":61}}],"line":146},"7":{"loc":{"start":{"line":200,"column":9},"end":{"line":242,"column":null}},"type":"binary-expr","locations":[{"start":{"line":200,"column":9},"end":{"line":200,"column":null}},{"start":{"line":201,"column":10},"end":{"line":242,"column":null}}],"line":200},"8":{"loc":{"start":{"line":226,"column":27},"end":{"line":226,"column":null}},"type":"binary-expr","locations":[{"start":{"line":226,"column":27},"end":{"line":226,"column":46}},{"start":{"line":226,"column":46},"end":{"line":226,"column":null}}],"line":226},"9":{"loc":{"start":{"line":245,"column":9},"end":{"line":292,"column":null}},"type":"cond-expr","locations":[{"start":{"line":246,"column":10},"end":{"line":269,"column":null}},{"start":{"line":271,"column":10},"end":{"line":292,"column":null}}],"line":245},"10":{"loc":{"start":{"line":251,"column":24},"end":{"line":251,"column":null}},"type":"binary-expr","locations":[{"start":{"line":251,"column":24},"end":{"line":251,"column":45}},{"start":{"line":251,"column":45},"end":{"line":251,"column":null}}],"line":251},"11":{"loc":{"start":{"line":299,"column":4},"end":{"line":299,"column":null}},"type":"if","locations":[{"start":{"line":299,"column":4},"end":{"line":299,"column":null}},{"start":{},"end":{}}],"line":299},"12":{"loc":{"start":{"line":299,"column":8},"end":{"line":299,"column":58}},"type":"binary-expr","locations":[{"start":{"line":299,"column":8},"end":{"line":299,"column":22}},{"start":{"line":299,"column":22},"end":{"line":299,"column":58}}],"line":299},"13":{"loc":{"start":{"line":304,"column":21},"end":{"line":304,"column":null}},"type":"binary-expr","locations":[{"start":{"line":304,"column":21},"end":{"line":304,"column":40}},{"start":{"line":304,"column":40},"end":{"line":304,"column":null}}],"line":304},"14":{"loc":{"start":{"line":309,"column":4},"end":{"line":311,"column":null}},"type":"if","locations":[{"start":{"line":309,"column":4},"end":{"line":311,"column":null}},{"start":{},"end":{}}],"line":309},"15":{"loc":{"start":{"line":314,"column":25},"end":{"line":314,"column":null}},"type":"binary-expr","locations":[{"start":{"line":314,"column":25},"end":{"line":314,"column":58}},{"start":{"line":314,"column":58},"end":{"line":314,"column":null}}],"line":314},"16":{"loc":{"start":{"line":316,"column":26},"end":{"line":316,"column":null}},"type":"cond-expr","locations":[{"start":{"line":316,"column":48},"end":{"line":316,"column":89}},{"start":{"line":316,"column":89},"end":{"line":316,"column":null}}],"line":316},"17":{"loc":{"start":{"line":335,"column":15},"end":{"line":340,"column":null}},"type":"binary-expr","locations":[{"start":{"line":335,"column":15},"end":{"line":335,"column":null}},{"start":{"line":336,"column":16},"end":{"line":340,"column":null}}],"line":335},"18":{"loc":{"start":{"line":337,"column":25},"end":{"line":337,"column":null}},"type":"cond-expr","locations":[{"start":{"line":337,"column":68},"end":{"line":337,"column":79}},{"start":{"line":337,"column":79},"end":{"line":337,"column":null}}],"line":337},"19":{"loc":{"start":{"line":383,"column":42},"end":{"line":383,"column":null}},"type":"binary-expr","locations":[{"start":{"line":383,"column":42},"end":{"line":383,"column":76}},{"start":{"line":383,"column":76},"end":{"line":383,"column":null}}],"line":383},"20":{"loc":{"start":{"line":389,"column":29},"end":{"line":389,"column":null}},"type":"cond-expr","locations":[{"start":{"line":389,"column":51},"end":{"line":389,"column":55}},{"start":{"line":389,"column":55},"end":{"line":389,"column":null}}],"line":389},"21":{"loc":{"start":{"line":391,"column":32},"end":{"line":391,"column":null}},"type":"cond-expr","locations":[{"start":{"line":391,"column":46},"end":{"line":391,"column":68}},{"start":{"line":391,"column":68},"end":{"line":391,"column":null}}],"line":391},"22":{"loc":{"start":{"line":391,"column":68},"end":{"line":391,"column":null}},"type":"cond-expr","locations":[{"start":{"line":391,"column":90},"end":{"line":391,"column":112}},{"start":{"line":391,"column":112},"end":{"line":391,"column":null}}],"line":391},"23":{"loc":{"start":{"line":392,"column":37},"end":{"line":392,"column":null}},"type":"cond-expr","locations":[{"start":{"line":392,"column":51},"end":{"line":392,"column":63}},{"start":{"line":392,"column":63},"end":{"line":392,"column":null}}],"line":392},"24":{"loc":{"start":{"line":392,"column":63},"end":{"line":392,"column":null}},"type":"cond-expr","locations":[{"start":{"line":392,"column":85},"end":{"line":392,"column":97}},{"start":{"line":392,"column":97},"end":{"line":392,"column":null}}],"line":392},"25":{"loc":{"start":{"line":393,"column":31},"end":{"line":393,"column":null}},"type":"cond-expr","locations":[{"start":{"line":393,"column":53},"end":{"line":393,"column":75}},{"start":{"line":393,"column":75},"end":{"line":393,"column":null}}],"line":393},"26":{"loc":{"start":{"line":406,"column":25},"end":{"line":412,"column":null}},"type":"binary-expr","locations":[{"start":{"line":406,"column":25},"end":{"line":406,"column":null}},{"start":{"line":407,"column":26},"end":{"line":412,"column":null}}],"line":406},"27":{"loc":{"start":{"line":414,"column":25},"end":{"line":420,"column":null}},"type":"binary-expr","locations":[{"start":{"line":414,"column":25},"end":{"line":414,"column":null}},{"start":{"line":415,"column":26},"end":{"line":420,"column":null}}],"line":414},"28":{"loc":{"start":{"line":422,"column":25},"end":{"line":427,"column":null}},"type":"binary-expr","locations":[{"start":{"line":422,"column":25},"end":{"line":422,"column":null}},{"start":{"line":423,"column":26},"end":{"line":427,"column":null}}],"line":422},"29":{"loc":{"start":{"line":429,"column":25},"end":{"line":440,"column":null}},"type":"binary-expr","locations":[{"start":{"line":429,"column":25},"end":{"line":429,"column":null}},{"start":{"line":430,"column":26},"end":{"line":440,"column":null}}],"line":429},"30":{"loc":{"start":{"line":452,"column":23},"end":{"line":455,"column":null}},"type":"binary-expr","locations":[{"start":{"line":452,"column":23},"end":{"line":452,"column":42}},{"start":{"line":452,"column":42},"end":{"line":452,"column":null}},{"start":{"line":453,"column":24},"end":{"line":455,"column":null}}],"line":452},"31":{"loc":{"start":{"line":459,"column":21},"end":{"line":462,"column":null}},"type":"binary-expr","locations":[{"start":{"line":459,"column":21},"end":{"line":459,"column":36}},{"start":{"line":459,"column":36},"end":{"line":459,"column":null}},{"start":{"line":460,"column":22},"end":{"line":462,"column":null}}],"line":459},"32":{"loc":{"start":{"line":466,"column":19},"end":{"line":493,"column":null}},"type":"binary-expr","locations":[{"start":{"line":466,"column":19},"end":{"line":466,"column":34}},{"start":{"line":466,"column":34},"end":{"line":466,"column":null}},{"start":{"line":467,"column":20},"end":{"line":493,"column":null}}],"line":466},"33":{"loc":{"start":{"line":468,"column":23},"end":{"line":491,"column":null}},"type":"cond-expr","locations":[{"start":{"line":469,"column":24},"end":{"line":479,"column":null}},{"start":{"line":481,"column":24},"end":{"line":491,"column":null}}],"line":468},"34":{"loc":{"start":{"line":490,"column":27},"end":{"line":490,"column":null}},"type":"cond-expr","locations":[{"start":{"line":490,"column":40},"end":{"line":490,"column":59}},{"start":{"line":490,"column":59},"end":{"line":490,"column":null}}],"line":490},"35":{"loc":{"start":{"line":529,"column":30},"end":{"line":529,"column":61}},"type":"binary-expr","locations":[{"start":{"line":529,"column":30},"end":{"line":529,"column":50}},{"start":{"line":529,"column":50},"end":{"line":529,"column":61}}],"line":529},"36":{"loc":{"start":{"line":580,"column":9},"end":{"line":613,"column":null}},"type":"cond-expr","locations":[{"start":{"line":581,"column":10},"end":{"line":590,"column":null}},{"start":{"line":592,"column":10},"end":{"line":613,"column":null}}],"line":580},"37":{"loc":{"start":{"line":585,"column":22},"end":{"line":585,"column":null}},"type":"binary-expr","locations":[{"start":{"line":585,"column":22},"end":{"line":585,"column":43}},{"start":{"line":585,"column":43},"end":{"line":585,"column":null}}],"line":585}},"s":{"0":1,"1":2,"2":2,"3":2,"4":2,"5":2,"6":2,"7":2,"8":2,"9":2,"10":2,"11":0,"12":0,"13":0,"14":0,"15":0,"16":0,"17":2,"18":0,"19":0,"20":2,"21":0,"22":0,"23":0,"24":0,"25":0,"26":0,"27":0,"28":0,"29":2,"30":0,"31":0,"32":2,"33":0,"34":0,"35":0,"36":0,"37":0,"38":0,"39":2,"40":0,"41":0,"42":0,"43":0,"44":0,"45":0,"46":0,"47":0,"48":0,"49":0,"50":0,"51":2,"52":0,"53":0,"54":0,"55":0,"56":0,"57":2,"58":2,"59":2,"60":2,"61":0,"62":0,"63":0,"64":0,"65":0,"66":0,"67":0,"68":0,"69":0,"70":0,"71":0,"72":4,"73":0,"74":0,"75":0,"76":0,"77":0},"f":{"0":2,"1":0,"2":0,"3":0,"4":0,"5":0,"6":0,"7":0,"8":0,"9":0,"10":0,"11":0,"12":0,"13":0,"14":0,"15":0,"16":0,"17":0,"18":0,"19":0,"20":0,"21":0,"22":0,"23":0,"24":0,"25":0,"26":4,"27":0,"28":0,"29":0,"30":0,"31":0},"b":{"0":[0,0],"1":[0,0],"2":[0,0],"3":[0,0],"4":[0,0],"5":[0,2],"6":[0,0],"7":[0,0],"8":[0,0],"9":[0,0],"10":[0,0],"11":[0,0],"12":[0,0],"13":[0,0],"14":[0,0],"15":[2,2],"16":[0,2],"17":[2,0],"18":[0,0],"19":[0,0],"20":[0,0],"21":[0,0],"22":[0,0],"23":[0,0],"24":[0,0],"25":[0,0],"26":[0,0],"27":[0,0],"28":[0,0],"29":[0,0],"30":[0,0,0],"31":[0,0,0],"32":[0,0,0],"33":[0,0],"34":[0,0],"35":[2,0],"36":[2,0],"37":[2,0]},"meta":{"lastBranch":38,"lastFunction":32,"lastStatement":78,"seen":{"s:37:30:618:Infinity":0,"f:37:30:37:36":0,"s:38:254:38:Infinity":1,"s:39:19:39:Infinity":2,"s:40:30:40:Infinity":3,"s:41:46:41:Infinity":4,"s:42:22:42:Infinity":5,"s:43:22:43:Infinity":6,"s:44:26:44:Infinity":7,"s:45:22:45:Infinity":8,"s:46:44:52:Infinity":9,"s:54:40:70:Infinity":10,"f:54:40:54:67":1,"b:55:4:55:Infinity:undefined:undefined:undefined:undefined":0,"s:55:4:55:Infinity":11,"s:55:27:55:Infinity":12,"s:57:36:62:Infinity":13,"b:65:4:69:Infinity:67:11:69:Infinity":1,"s:65:4:69:Infinity":14,"b:65:8:65:42:65:42:65:61":2,"s:66:6:66:Infinity":15,"s:68:6:68:Infinity":16,"s:72:21:75:Infinity":17,"f:72:21:72:48":2,"s:73:4:73:Infinity":18,"s:74:4:74:Infinity":19,"s:77:29:94:Infinity":20,"f:77:29:77:41":3,"b:78:4:78:Infinity:undefined:undefined:undefined:undefined":3,"s:78:4:78:Infinity":21,"s:78:27:78:Infinity":22,"s:80:4:86:Infinity":23,"s:89:4:89:Infinity":24,"s:90:4:90:Infinity":25,"s:91:4:91:Infinity":26,"s:92:4:92:Infinity":27,"s:93:4:93:Infinity":28,"s:96:42:98:Infinity":29,"f:96:42:96:43":4,"s:97:4:97:Infinity":30,"f:97:46:97:47":5,"s:97:56:97:67":31,"s:100:30:116:Infinity":32,"f:100:30:100:42":6,"b:101:4:101:Infinity:undefined:undefined:undefined:undefined":4,"s:101:4:101:Infinity":33,"s:101:38:101:Infinity":34,"s:103:27:110:Infinity":35,"f:103:47:103:56":7,"s:103:56:110:6":36,"s:112:4:112:Infinity":37,"s:115:4:115:Infinity":38,"b:118:2:296:Infinity:undefined:undefined:undefined:undefined":5,"s:118:2:296:Infinity":39,"s:120:4:294:Infinity":40,"f:130:26:130:27":8,"s:130:38:130:Infinity":41,"f:132:20:132:21":9,"s:133:12:133:Infinity":42,"f:136:23:136:24":10,"s:137:12:141:Infinity":43,"b:146:30:146:50:146:50:146:61":6,"f:157:28:157:29":11,"s:157:66:157:Infinity":44,"f:168:28:168:29":12,"s:168:66:168:Infinity":45,"f:179:28:179:29":13,"s:179:66:179:Infinity":46,"f:190:28:190:29":14,"s:190:66:190:Infinity":47,"b:200:9:200:Infinity:201:10:242:Infinity":7,"f:216:35:216:36":15,"s:217:16:238:Infinity":48,"b:226:27:226:46:226:46:226:Infinity":8,"f:231:33:231:39":16,"s:231:39:231:Infinity":49,"b:246:10:269:Infinity:271:10:292:Infinity":9,"b:251:24:251:45:251:45:251:Infinity":10,"f:287:51:287:56":17,"s:287:56:287:80":50,"s:298:30:312:Infinity":51,"f:298:30:298:31":18,"b:299:4:299:Infinity:undefined:undefined:undefined:undefined":11,"s:299:4:299:Infinity":52,"b:299:8:299:22:299:22:299:58":12,"s:299:58:299:Infinity":53,"s:301:36:307:Infinity":54,"b:304:21:304:40:304:40:304:Infinity":13,"b:309:4:311:Infinity:undefined:undefined:undefined:undefined":14,"s:309:4:311:Infinity":55,"s:310:6:310:Infinity":56,"s:314:25:314:Infinity":57,"b:314:25:314:58:314:58:314:Infinity":15,"s:315:25:315:Infinity":58,"s:316:26:316:Infinity":59,"b:316:48:316:89:316:89:316:Infinity":16,"s:318:2:616:Infinity":60,"f:320:47:320:53":19,"s:320:53:320:Infinity":61,"b:335:15:335:Infinity:336:16:340:Infinity":17,"b:337:68:337:79:337:79:337:Infinity":18,"f:350:23:350:24":20,"s:351:16:351:Infinity":62,"s:352:16:352:Infinity":63,"f:381:40:381:41":21,"s:382:34:382:Infinity":64,"s:383:42:383:Infinity":65,"b:383:42:383:76:383:76:383:Infinity":19,"s:384:34:384:Infinity":66,"s:386:14:495:Infinity":67,"b:389:51:389:55:389:55:389:Infinity":20,"b:391:46:391:68:391:68:391:Infinity":21,"b:391:90:391:112:391:112:391:Infinity":22,"b:392:51:392:63:392:63:392:Infinity":23,"b:392:85:392:97:392:97:392:Infinity":24,"b:393:53:393:75:393:75:393:Infinity":25,"b:406:25:406:Infinity:407:26:412:Infinity":26,"b:414:25:414:Infinity:415:26:420:Infinity":27,"b:422:25:422:Infinity:423:26:427:Infinity":28,"b:429:25:429:Infinity:430:26:440:Infinity":29,"f:432:37:432:43":22,"s:432:43:432:Infinity":68,"b:452:23:452:42:452:42:452:Infinity:453:24:455:Infinity":30,"b:459:21:459:36:459:36:459:Infinity:460:22:462:Infinity":31,"b:466:19:466:34:466:34:466:Infinity:467:20:493:Infinity":32,"b:469:24:479:Infinity:481:24:491:Infinity":33,"f:485:35:485:41":23,"s:485:41:485:Infinity":69,"b:490:40:490:59:490:59:490:Infinity":34,"f:512:26:512:27":24,"s:512:38:512:Infinity":70,"f:514:20:514:21":25,"s:515:12:515:Infinity":71,"f:518:23:518:24":26,"s:519:12:524:Infinity":72,"b:529:30:529:50:529:50:529:61":35,"f:537:28:537:29":27,"s:537:66:537:Infinity":73,"f:548:28:548:29":28,"s:548:66:548:Infinity":74,"f:559:28:559:29":29,"s:559:66:559:Infinity":75,"f:570:28:570:29":30,"s:570:66:570:Infinity":76,"b:581:10:590:Infinity:592:10:613:Infinity":36,"b:585:22:585:43:585:43:585:Infinity":37,"f:607:51:607:56":31,"s:607:56:607:80":77}}}
,"C:\\Users\\liamm\\Documents\\Git\\personal-trainer\\src\\components\\WorkoutStatsOverlay.tsx": {"path":"C:\\Users\\liamm\\Documents\\Git\\personal-trainer\\src\\components\\WorkoutStatsOverlay.tsx","statementMap":{"0":{"start":{"line":14,"column":64},"end":{"line":277,"column":null}},"1":{"start":{"line":15,"column":19},"end":{"line":15,"column":null}},"2":{"start":{"line":17,"column":2},"end":{"line":17,"column":null}},"3":{"start":{"line":17,"column":14},"end":{"line":17,"column":null}},"4":{"start":{"line":19,"column":21},"end":{"line":23,"column":null}},"5":{"start":{"line":20,"column":17},"end":{"line":20,"column":null}},"6":{"start":{"line":21,"column":17},"end":{"line":21,"column":null}},"7":{"start":{"line":22,"column":4},"end":{"line":22,"column":null}},"8":{"start":{"line":26,"column":28},"end":{"line":38,"column":null}},"9":{"start":{"line":27,"column":17},"end":{"line":27,"column":null}},"10":{"start":{"line":29,"column":4},"end":{"line":35,"column":null}},"11":{"start":{"line":34,"column":6},"end":{"line":34,"column":null}},"12":{"start":{"line":37,"column":4},"end":{"line":37,"column":null}},"13":{"start":{"line":40,"column":23},"end":{"line":40,"column":null}},"14":{"start":{"line":41,"column":26},"end":{"line":41,"column":null}},"15":{"start":{"line":47,"column":28},"end":{"line":49,"column":null}},"16":{"start":{"line":50,"column":24},"end":{"line":50,"column":null}},"17":{"start":{"line":51,"column":29},"end":{"line":51,"column":null}},"18":{"start":{"line":52,"column":19},"end":{"line":54,"column":null}},"19":{"start":{"line":56,"column":2},"end":{"line":275,"column":null}},"20":{"start":{"line":258,"column":20},"end":{"line":267,"column":null}}},"fnMap":{"0":{"name":"(anonymous_0)","decl":{"start":{"line":14,"column":64},"end":{"line":14,"column":65}},"loc":{"start":{"line":14,"column":88},"end":{"line":277,"column":null}},"line":14},"1":{"name":"(anonymous_1)","decl":{"start":{"line":19,"column":21},"end":{"line":19,"column":22}},"loc":{"start":{"line":19,"column":50},"end":{"line":23,"column":null}},"line":19},"2":{"name":"(anonymous_2)","decl":{"start":{"line":26,"column":28},"end":{"line":26,"column":29}},"loc":{"start":{"line":26,"column":75},"end":{"line":38,"column":null}},"line":26},"3":{"name":"(anonymous_3)","decl":{"start":{"line":257,"column":58},"end":{"line":257,"column":59}},"loc":{"start":{"line":258,"column":20},"end":{"line":267,"column":null}},"line":258}},"branchMap":{"0":{"loc":{"start":{"line":17,"column":2},"end":{"line":17,"column":null}},"type":"if","locations":[{"start":{"line":17,"column":2},"end":{"line":17,"column":null}},{"start":{},"end":{}}],"line":17},"1":{"loc":{"start":{"line":29,"column":4},"end":{"line":35,"column":null}},"type":"if","locations":[{"start":{"line":29,"column":4},"end":{"line":35,"column":null}},{"start":{},"end":{}}],"line":29},"2":{"loc":{"start":{"line":29,"column":8},"end":{"line":33,"column":36}},"type":"binary-expr","locations":[{"start":{"line":29,"column":8},"end":{"line":29,"column":null}},{"start":{"line":30,"column":8},"end":{"line":30,"column":null}},{"start":{"line":31,"column":8},"end":{"line":31,"column":null}},{"start":{"line":32,"column":8},"end":{"line":32,"column":null}},{"start":{"line":33,"column":8},"end":{"line":33,"column":36}}],"line":29},"3":{"loc":{"start":{"line":40,"column":23},"end":{"line":40,"column":null}},"type":"binary-expr","locations":[{"start":{"line":40,"column":23},"end":{"line":40,"column":46}},{"start":{"line":40,"column":46},"end":{"line":40,"column":null}}],"line":40},"4":{"loc":{"start":{"line":41,"column":34},"end":{"line":41,"column":80}},"type":"binary-expr","locations":[{"start":{"line":41,"column":34},"end":{"line":41,"column":55}},{"start":{"line":41,"column":55},"end":{"line":41,"column":80}}],"line":41},"5":{"loc":{"start":{"line":47,"column":28},"end":{"line":49,"column":null}},"type":"cond-expr","locations":[{"start":{"line":47,"column":28},"end":{"line":48,"column":null}},{"start":{"line":49,"column":6},"end":{"line":49,"column":null}}],"line":47},"6":{"loc":{"start":{"line":48,"column":7},"end":{"line":48,"column":34}},"type":"binary-expr","locations":[{"start":{"line":48,"column":7},"end":{"line":48,"column":28}},{"start":{"line":48,"column":28},"end":{"line":48,"column":34}}],"line":48},"7":{"loc":{"start":{"line":48,"column":34},"end":{"line":48,"column":null}},"type":"binary-expr","locations":[{"start":{"line":48,"column":34},"end":{"line":48,"column":63}},{"start":{"line":48,"column":63},"end":{"line":48,"column":null}}],"line":48},"8":{"loc":{"start":{"line":50,"column":37},"end":{"line":50,"column":57}},"type":"binary-expr","locations":[{"start":{"line":50,"column":37},"end":{"line":50,"column":51}},{"start":{"line":50,"column":51},"end":{"line":50,"column":57}}],"line":50},"9":{"loc":{"start":{"line":50,"column":57},"end":{"line":50,"column":80}},"type":"cond-expr","locations":[{"start":{"line":50,"column":74},"end":{"line":50,"column":78}},{"start":{"line":50,"column":78},"end":{"line":50,"column":80}}],"line":50},"10":{"loc":{"start":{"line":51,"column":46},"end":{"line":51,"column":81}},"type":"binary-expr","locations":[{"start":{"line":51,"column":46},"end":{"line":51,"column":75}},{"start":{"line":51,"column":75},"end":{"line":51,"column":81}}],"line":51},"11":{"loc":{"start":{"line":51,"column":81},"end":{"line":51,"column":null}},"type":"binary-expr","locations":[{"start":{"line":51,"column":81},"end":{"line":51,"column":95}},{"start":{"line":51,"column":95},"end":{"line":51,"column":null}}],"line":51},"12":{"loc":{"start":{"line":52,"column":19},"end":{"line":54,"column":null}},"type":"cond-expr","locations":[{"start":{"line":53,"column":7},"end":{"line":53,"column":null}},{"start":{"line":54,"column":6},"end":{"line":54,"column":null}}],"line":52},"13":{"loc":{"start":{"line":59,"column":7},"end":{"line":86,"column":null}},"type":"binary-expr","locations":[{"start":{"line":59,"column":7},"end":{"line":59,"column":31}},{"start":{"line":59,"column":31},"end":{"line":59,"column":null}},{"start":{"line":60,"column":8},"end":{"line":86,"column":null}}],"line":59},"14":{"loc":{"start":{"line":90,"column":7},"end":{"line":118,"column":null}},"type":"binary-expr","locations":[{"start":{"line":90,"column":7},"end":{"line":90,"column":null}},{"start":{"line":91,"column":8},"end":{"line":118,"column":null}}],"line":90},"15":{"loc":{"start":{"line":122,"column":7},"end":{"line":273,"column":null}},"type":"binary-expr","locations":[{"start":{"line":122,"column":7},"end":{"line":122,"column":null}},{"start":{"line":123,"column":8},"end":{"line":273,"column":null}}],"line":122},"16":{"loc":{"start":{"line":152,"column":23},"end":{"line":152,"column":null}},"type":"binary-expr","locations":[{"start":{"line":152,"column":23},"end":{"line":152,"column":37}},{"start":{"line":152,"column":37},"end":{"line":152,"column":null}}],"line":152},"17":{"loc":{"start":{"line":153,"column":19},"end":{"line":153,"column":null}},"type":"binary-expr","locations":[{"start":{"line":153,"column":19},"end":{"line":153,"column":38}},{"start":{"line":153,"column":38},"end":{"line":153,"column":null}}],"line":153},"18":{"loc":{"start":{"line":157,"column":26},"end":{"line":157,"column":41}},"type":"binary-expr","locations":[{"start":{"line":157,"column":26},"end":{"line":157,"column":40}},{"start":{"line":157,"column":40},"end":{"line":157,"column":41}}],"line":157},"19":{"loc":{"start":{"line":157,"column":44},"end":{"line":157,"column":100}},"type":"cond-expr","locations":[{"start":{"line":157,"column":62},"end":{"line":157,"column":98}},{"start":{"line":157,"column":98},"end":{"line":157,"column":100}}],"line":157},"20":{"loc":{"start":{"line":177,"column":28},"end":{"line":177,"column":47}},"type":"binary-expr","locations":[{"start":{"line":177,"column":28},"end":{"line":177,"column":46}},{"start":{"line":177,"column":46},"end":{"line":177,"column":47}}],"line":177},"21":{"loc":{"start":{"line":182,"column":13},"end":{"line":190,"column":null}},"type":"binary-expr","locations":[{"start":{"line":182,"column":13},"end":{"line":182,"column":null}},{"start":{"line":183,"column":14},"end":{"line":190,"column":null}}],"line":182},"22":{"loc":{"start":{"line":194,"column":13},"end":{"line":217,"column":null}},"type":"binary-expr","locations":[{"start":{"line":194,"column":13},"end":{"line":194,"column":null}},{"start":{"line":195,"column":14},"end":{"line":217,"column":null}}],"line":194},"23":{"loc":{"start":{"line":212,"column":39},"end":{"line":212,"column":null}},"type":"cond-expr","locations":[{"start":{"line":212,"column":57},"end":{"line":212,"column":69}},{"start":{"line":212,"column":69},"end":{"line":212,"column":null}}],"line":212},"24":{"loc":{"start":{"line":221,"column":13},"end":{"line":229,"column":null}},"type":"binary-expr","locations":[{"start":{"line":221,"column":13},"end":{"line":221,"column":null}},{"start":{"line":222,"column":14},"end":{"line":229,"column":null}}],"line":221},"25":{"loc":{"start":{"line":233,"column":13},"end":{"line":247,"column":null}},"type":"binary-expr","locations":[{"start":{"line":233,"column":13},"end":{"line":233,"column":null}},{"start":{"line":234,"column":14},"end":{"line":247,"column":null}}],"line":233},"26":{"loc":{"start":{"line":241,"column":37},"end":{"line":243,"column":null}},"type":"cond-expr","locations":[{"start":{"line":241,"column":79},"end":{"line":241,"column":null}},{"start":{"line":242,"column":37},"end":{"line":243,"column":null}}],"line":241},"27":{"loc":{"start":{"line":242,"column":37},"end":{"line":243,"column":null}},"type":"cond-expr","locations":[{"start":{"line":242,"column":74},"end":{"line":242,"column":null}},{"start":{"line":243,"column":37},"end":{"line":243,"column":null}}],"line":242},"28":{"loc":{"start":{"line":243,"column":37},"end":{"line":243,"column":null}},"type":"cond-expr","locations":[{"start":{"line":243,"column":74},"end":{"line":243,"column":86}},{"start":{"line":243,"column":86},"end":{"line":243,"column":null}}],"line":243},"29":{"loc":{"start":{"line":251,"column":13},"end":{"line":270,"column":null}},"type":"binary-expr","locations":[{"start":{"line":251,"column":13},"end":{"line":251,"column":42}},{"start":{"line":251,"column":42},"end":{"line":251,"column":64}},{"start":{"line":251,"column":64},"end":{"line":251,"column":null}},{"start":{"line":252,"column":14},"end":{"line":270,"column":null}}],"line":251}},"s":{"0":2,"1":3,"2":3,"3":1,"4":2,"5":2,"6":2,"7":2,"8":2,"9":0,"10":0,"11":0,"12":0,"13":2,"14":3,"15":3,"16":3,"17":3,"18":3,"19":3,"20":0},"f":{"0":3,"1":2,"2":0,"3":0},"b":{"0":[1,2],"1":[0,0],"2":[0,0,0,0,0],"3":[2,2],"4":[3,0],"5":[0,2],"6":[0,0],"7":[0,0],"8":[3,0],"9":[2,0],"10":[3,2],"11":[3,0],"12":[0,2],"13":[3,0,0],"14":[3,0],"15":[3,2],"16":[2,0],"17":[2,0],"18":[2,0],"19":[0,2],"20":[2,0],"21":[2,0],"22":[2,0],"23":[0,0],"24":[2,0],"25":[2,0],"26":[0,0],"27":[0,0],"28":[0,0],"29":[2,0,0,0]},"meta":{"lastBranch":30,"lastFunction":4,"lastStatement":21,"seen":{"s:14:64:277:Infinity":0,"f:14:64:14:65":0,"s:15:19:15:Infinity":1,"b:17:2:17:Infinity:undefined:undefined:undefined:undefined":0,"s:17:2:17:Infinity":2,"s:17:14:17:Infinity":3,"s:19:21:23:Infinity":4,"f:19:21:19:22":1,"s:20:17:20:Infinity":5,"s:21:17:21:Infinity":6,"s:22:4:22:Infinity":7,"s:26:28:38:Infinity":8,"f:26:28:26:29":2,"s:27:17:27:Infinity":9,"b:29:4:35:Infinity:undefined:undefined:undefined:undefined":1,"s:29:4:35:Infinity":10,"b:29:8:29:Infinity:30:8:30:Infinity:31:8:31:Infinity:32:8:32:Infinity:33:8:33:36":2,"s:34:6:34:Infinity":11,"s:37:4:37:Infinity":12,"s:40:23:40:Infinity":13,"b:40:23:40:46:40:46:40:Infinity":3,"s:41:26:41:Infinity":14,"b:41:34:41:55:41:55:41:80":4,"s:47:28:49:Infinity":15,"b:47:28:48:Infinity:49:6:49:Infinity":5,"b:48:7:48:28:48:28:48:34":6,"b:48:34:48:63:48:63:48:Infinity":7,"s:50:24:50:Infinity":16,"b:50:37:50:51:50:51:50:57":8,"b:50:74:50:78:50:78:50:80":9,"s:51:29:51:Infinity":17,"b:51:46:51:75:51:75:51:81":10,"b:51:81:51:95:51:95:51:Infinity":11,"s:52:19:54:Infinity":18,"b:53:7:53:Infinity:54:6:54:Infinity":12,"s:56:2:275:Infinity":19,"b:59:7:59:31:59:31:59:Infinity:60:8:86:Infinity":13,"b:90:7:90:Infinity:91:8:118:Infinity":14,"b:122:7:122:Infinity:123:8:273:Infinity":15,"b:152:23:152:37:152:37:152:Infinity":16,"b:153:19:153:38:153:38:153:Infinity":17,"b:157:26:157:40:157:40:157:41":18,"b:157:62:157:98:157:98:157:100":19,"b:177:28:177:46:177:46:177:47":20,"b:182:13:182:Infinity:183:14:190:Infinity":21,"b:194:13:194:Infinity:195:14:217:Infinity":22,"b:212:57:212:69:212:69:212:Infinity":23,"b:221:13:221:Infinity:222:14:229:Infinity":24,"b:233:13:233:Infinity:234:14:247:Infinity":25,"b:241:79:241:Infinity:242:37:243:Infinity":26,"b:242:74:242:Infinity:243:37:243:Infinity":27,"b:243:74:243:86:243:86:243:Infinity":28,"b:251:13:251:42:251:42:251:64:251:64:251:Infinity:252:14:270:Infinity":29,"f:257:58:257:59":3,"s:258:20:267:Infinity":20}}}
,"C:\\Users\\liamm\\Documents\\Git\\personal-trainer\\src\\context\\SettingsContext.tsx": {"path":"C:\\Users\\liamm\\Documents\\Git\\personal-trainer\\src\\context\\SettingsContext.tsx","statementMap":{"0":{"start":{"line":4,"column":6},"end":{"line":4,"column":null}},"1":{"start":{"line":6,"column":27},"end":{"line":12,"column":null}},"2":{"start":{"line":7,"column":8},"end":{"line":7,"column":null}},"3":{"start":{"line":8,"column":2},"end":{"line":10,"column":null}},"4":{"start":{"line":9,"column":4},"end":{"line":9,"column":null}},"5":{"start":{"line":11,"column":2},"end":{"line":11,"column":null}},"6":{"start":{"line":18,"column":65},"end":{"line":49,"column":null}},"7":{"start":{"line":19,"column":30},"end":{"line":30,"column":null}},"8":{"start":{"line":21,"column":18},"end":{"line":21,"column":null}},"9":{"start":{"line":22,"column":4},"end":{"line":29,"column":null}},"10":{"start":{"line":33,"column":2},"end":{"line":35,"column":null}},"11":{"start":{"line":34,"column":4},"end":{"line":34,"column":null}},"12":{"start":{"line":37,"column":24},"end":{"line":42,"column":null}},"13":{"start":{"line":38,"column":4},"end":{"line":41,"column":null}},"14":{"start":{"line":38,"column":25},"end":{"line":41,"column":6}},"15":{"start":{"line":44,"column":2},"end":{"line":47,"column":null}}},"fnMap":{"0":{"name":"(anonymous_0)","decl":{"start":{"line":6,"column":27},"end":{"line":6,"column":54}},"loc":{"start":{"line":6,"column":54},"end":{"line":12,"column":null}},"line":6},"1":{"name":"(anonymous_1)","decl":{"start":{"line":18,"column":65},"end":{"line":18,"column":66}},"loc":{"start":{"line":18,"column":83},"end":{"line":49,"column":null}},"line":18},"2":{"name":"(anonymous_2)","decl":{"start":{"line":19,"column":56},"end":{"line":19,"column":62}},"loc":{"start":{"line":19,"column":62},"end":{"line":30,"column":3}},"line":19},"3":{"name":"(anonymous_3)","decl":{"start":{"line":33,"column":12},"end":{"line":33,"column":18}},"loc":{"start":{"line":33,"column":18},"end":{"line":35,"column":5}},"line":33},"4":{"name":"(anonymous_4)","decl":{"start":{"line":37,"column":24},"end":{"line
[...]
defined:undefined:undefined":38,"s:332:8:334:Infinity":125,"s:333:10:333:Infinity":126,"b:338:6:343:Infinity:undefined:undefined:undefined:undefined":39,"s:338:6:343:Infinity":127,"s:339:8:339:Infinity":128,"b:340:8:342:Infinity:undefined:undefined:undefined:undefined":40,"s:340:8:342:Infinity":129,"b:340:12:340:21:340:21:340:46:340:46:340:80":41,"s:341:10:341:Infinity":130,"b:345:6:345:Infinity:undefined:undefined:undefined:undefined":42,"s:345:6:345:Infinity":131,"s:345:25:345:Infinity":132,"s:347:6:347:Infinity":133,"b:349:6:349:Infinity:undefined:undefined:undefined:undefined":43,"s:349:6:349:Infinity":134,"b:349:10:349:38:349:38:349:71":44,"s:349:71:349:Infinity":135,"s:352:49:352:Infinity":136,"s:353:6:398:Infinity":137,"s:353:27:353:30":138,"b:353:30:353:47:353:47:353:77":45,"s:354:25:354:Infinity":139,"b:356:8:356:Infinity:undefined:undefined:undefined:undefined":46,"s:356:8:356:Infinity":140,"b:356:12:356:35:356:35:356:57":47,"s:356:57:356:Infinity":141,"s:359:20:359:Infinity":142,"b:360:8:367:Infinity:undefined:undefined:undefined:undefined":48,"s:360:8:367:Infinity":143,"s:361:10:366:Infinity":144,"b:370:8:379:Infinity:undefined:undefined:undefined:undefined":49,"s:370:8:379:Infinity":145,"s:371:10:371:Infinity":146,"b:372:10:378:Infinity:undefined:undefined:undefined:undefined":50,"s:372:10:378:Infinity":147,"s:373:12:377:Infinity":148,"b:382:8:391:Infinity:undefined:undefined:undefined:undefined":51,"s:382:8:391:Infinity":149,"s:383:10:383:Infinity":150,"b:384:10:390:Infinity:undefined:undefined:undefined:undefined":52,"s:384:10:390:Infinity":151,"s:385:12:389:Infinity":152,"b:393:8:397:Infinity:undefined:undefined:undefined:undefined":53,"s:393:8:397:Infinity":153,"s:394:10:394:Infinity":154,"s:395:10:395:Infinity":155,"s:396:10:396:Infinity":156,"s:401:4:401:Infinity":157,"f:407:2:407:19":10,"s:408:4:408:Infinity":158,"s:411:28:411:Infinity":159,"s:412:4:412:Infinity":160,"b:415:4:422:Infinity:undefined:undefined:undefined:undefined":54,"s:415:4:422:Infinity":161,"s:416:30:418:Infinity":162,"f:417:8:417:14":11,"s:417:14:417:Infinity":163,"b:417:14:417:44:417:44:417:Infinity":55,"b:419:6:421:Infinity:undefined:undefined:undefined:undefined":56,"s:419:6:421:Infinity":164,"s:420:8:420:Infinity":165,"s:425:29:425:Infinity":166,"s:426:4:426:Infinity":167,"b:429:4:438:Infinity:432:4:438:Infinity":57,"s:429:4:438:Infinity":168,"s:430:6:430:Infinity":169,"s:431:6:431:Infinity":170,"b:432:4:438:Infinity:435:11:438:Infinity":58,"s:432:4:438:Infinity":171,"s:433:6:433:Infinity":172,"s:434:6:434:Infinity":173,"s:436:6:436:Infinity":174,"s:437:6:437:Infinity":175,"f:444:8:444:Infinity":12,"s:448:4:452:Infinity":176,"s:455:17:455:Infinity":177,"s:457:4:461:Infinity":178,"s:464:34:464:Infinity":179,"s:467:29:467:Infinity":180,"s:469:4:477:Infinity":181,"f:483:8:483:Infinity":13,"s:487:4:564:Infinity":182,"f:487:23:487:24":14,"s:488:20:488:Infinity":183,"s:489:6:489:Infinity":184,"s:491:6:560:Infinity":185,"f:491:31:491:43":15,"s:492:8:559:Infinity":186,"s:493:27:493:Infinity":187,"s:494:22:494:Infinity":188,"s:495:33:495:Infinity":189,"s:496:31:496:Infinity":190,"s:498:25:498:Infinity":191,"s:499:22:499:Infinity":192,"s:501:36:501:Infinity":193,"s:502:32:502:Infinity":194,"s:504:10:531:Infinity":195,"s:504:23:504:26":196,"s:505:25:505:Infinity":197,"s:508:12:508:Infinity":198,"s:509:12:511:Infinity":199,"f:509:30:509:41":16,"s:510:14:510:Infinity":200,"s:514:12:514:Infinity":201,"s:515:12:515:Infinity":202,"s:516:12:516:Infinity":203,"s:518:12:522:Infinity":204,"s:525:25:525:Infinity":205,"b:527:12:529:Infinity:undefined:undefined:undefined:undefined":59,"s:527:12:529:Infinity":206,"s:528:14:528:Infinity":207,"s:530:12:530:Infinity":208,"s:534:31:534:Infinity":209,"s:536:10:540:Infinity":210,"s:543:40:543:Infinity":211,"s:546:35:546:Infinity":212,"s:548:10:556:Infinity":213,"s:558:10:558:Infinity":214,"s:562:6:562:Infinity":215,"f:562:22:562:28":17,"s:562:28:562:Infinity":216,"s:563:6:563:Infinity":217,"f:570:10:570:32":18,"s:572:4:575:Infinity":218,"f:574:11:574:19":19,"s:574:19:574:77":219,"f:581:10:581:28":20,"b:582:4:582:Infinity:undefined:undefined:undefined:undefined":60,"s:582:4:582:Infinity":220,"b:582:8:582:17:582:17:582:34":61,"s:582:34:582:Infinity":221,"s:584:21:597:Infinity":222,"s:599:22:599:Infinity":223,"s:602:23:602:Infinity":224,"f:602:37:602:42":21,"s:602:42:602:63":225,"s:605:24:605:Infinity":226,"s:606:24:606:Infinity":227,"s:607:28:607:Infinity":228,"f:607:46:607:51":22,"s:607:51:607:66":229,"s:609:4:609:Infinity":230,"b:609:12:609:26:609:26:609:42:609:42:609:Infinity":62,"f:615:16:615:31":23,"s:616:25:616:Infinity":231,"s:617:27:617:Infinity":232,"s:619:4:619:Infinity":233,"s:620:4:620:Infinity":234,"s:622:4:676:Infinity":235,"s:623:26:623:Infinity":236,"s:626:18:628:Infinity":237,"f:626:36:626:Infinity":24,"s:627:8:627:Infinity":238,"b:631:6:636:Infinity:undefined:undefined:undefined:undefined":63,"s:631:6:636:Infinity":239,"s:632:8:635:Infinity":240,"f:632:34:632:40":25,"s:633:25:633:Infinity":241,"s:634:10:634:Infinity":242,"b:634:17:634:49:634:49:634:Infinity":64,"b:639:6:647:Infinity:undefined:undefined:undefined:undefined":65,"s:639:6:647:Infinity":243,"s:640:29:640:Infinity":244,"s:641:8:646:Infinity":245,"f:641:34:641:40":26,"s:642:26:642:Infinity":246,"s:644:26:644:Infinity":247,"f:644:46:644:51":27,"s:644:51:644:70":248,"s:645:10:645:Infinity":249,"b:649:6:675:Infinity:662:13:675:Infinity":66,"s:649:6:675:Infinity":250,"s:650:8:650:Infinity":251,"s:651:8:661:Infinity":252,"b:655:59:655:74:655:74:655:Infinity":67,"s:663:8:663:Infinity":253,"s:665:8:674:Infinity":254,"b:669:59:669:74:669:74:669:Infinity":68,"s:678:4:678:Infinity":255,"s:683:45:683:Infinity":256,"f:688:16:688:52":28,"b:689:2:691:Infinity:undefined:undefined:undefined:undefined":69,"s:689:2:691:Infinity":257,"s:690:4:690:Infinity":258,"s:692:2:692:Infinity":259}}}
,"C:\\Users\\liamm\\Documents\\Git\\personal-trainer\\src\\utils\\exerciseMetrics.ts": {"path":"C:\\Users\\liamm\\Documents\\Git\\personal-trainer\\src\\utils\\exerciseMetrics.ts","statementMap":{"0":{"start":{"line":31,"column":13},"end":{"line":35,"column":null}},"1":{"start":{"line":38,"column":13},"end":{"line":42,"column":null}},"2":{"start":{"line":45,"column":21},"end":{"line":45,"column":null}},"3":{"start":{"line":48,"column":22},"end":{"line":48,"column":null}},"4":{"start":{"line":49,"column":22},"end":{"line":49,"column":null}},"5":{"start":{"line":52,"column":22},"end":{"line":52,"column":null}},"6":{"start":{"line":55,"column":24},"end":{"line":55,"column":null}},"7":{"start":{"line":58,"column":23},"end":{"line":58,"column":null}},"8":{"start":{"line":59,"column":2},"end":{"line":59,"column":null}},"9":{"start":{"line":66,"column":13},"end":{"line":66,"column":null}},"10":{"start":{"line":67,"column":13},"end":{"line":67,"column":null}},"11":{"start":{"line":68,"column":2},"end":{"line":68,"column":null}},"12":{"start":{"line":75,"column":13},"end":{"line":75,"column":null}},"13":{"start":{"line":76,"column":13},"end":{"line":76,"column":null}},"14":{"start":{"line":77,"column":13},"end":{"line":77,"column":null}},"15":{"start":{"line":78,"column":2},"end":{"line":78,"column":null}},"16":{"start":{"line":86,"column":2},"end":{"line":86,"column":null}},"17":{"start":{"line":93,"column":2},"end":{"line":93,"column":null}},"18":{"start":{"line":100,"column":2},"end":{"line":104,"column":null}},"19":{"start":{"line":114,"column":2},"end":{"line":114,"column":null}},"20":{"start":{"line":114,"column":49},"end":{"line":114,"column":null}},"21":{"start":{"line":115,"column":2},"end":{"line":115,"column":null}},"22":{"start":{"line":115,"column":26},"end":{"line":115,"column":null}},"23":{"start":{"line":116,"column":2},"end":{"line":116,"column":null}},"24":{"start":{"line":116,"column":27},"end":{"line":116,"column":null}},"25":{"start":{"line":117,"column":2},"end":{"line":117,"column":null}},"26":{"start":{"line":127,"column":20},"end":{"line":127,"column":null}},"27":{"start":{"line":128,"column":21},"end":{"line":128,"column":null}},"28":{"start":{"line":129,"column":2},"end":{"line":129,"column":null}},"29":{"start":{"line":136,"column":2},"end":{"line":136,"column":null}},"30":{"start":{"line":143,"column":2},"end":{"line":143,"column":null}},"31":{"start":{"line":150,"column":2},"end":{"line":150,"column":null}},"32":{"start":{"line":157,"column":2},"end":{"line":157,"column":null}},"33":{"start":{"line":164,"column":2},"end":{"line":164,"column":null}},"34":{"start":{"line":171,"column":2},"end":{"line":171,"column":null}},"35":{"start":{"line":184,"column":2},"end":{"line":184,"column":null}},"36":{"start":{"line":191,"column":2},"end":{"line":191,"column":null}},"37":{"start":{"line":198,"column":29},"end":{"line":198,"column":null}},"38":{"start":{"line":202,"column":4},"end":{"line":202,"column":null}},"39":{"start":{"line":206,"column":4},"end":{"line":206,"column":null}},"40":{"start":{"line":207,"column":4},"end":{"line":209,"column":null}},"41":{"start":{"line":208,"column":6},"end":{"line":208,"column":null}},"42":{"start":{"line":210,"column":4},"end":{"line":210,"column":null}},"43":{"start":{"line":214,"column":4},"end":{"line":214,"column":null}},"44":{"start":{"line":218,"column":4},"end":{"line":218,"column":null}},"45":{"start":{"line":218,"column":34},"end":{"line":218,"column":null}},"46":{"start":{"line":219,"column":16},"end":{"line":219,"column":null}},"47":{"start":{"line":219,"column":49},"end":{"line":219,"column":60}},"48":{"start":{"line":220,"column":4},"end":{"line":220,"column":null}}},"fnMap":{"0":{"name":"calculateAngle","decl":{"start":{"line":25,"column":16},"end":{"line":25,"column":null}},"loc":{"start":{"line":29,"column":10},"end":{"line":60,"column":null}},"line":29},"1":{"name":"calculateDistance2D","decl":{"start":{"line":65,"column":16},"end":{"line":65,"column":36}},"loc":{"start":{"line":65,"column":78},"end":{"line":69,"column":null}},"line":65},"2":{"name":"calculateDistance3D","decl":{"start":{"line":74,"column":16},"end":{"line":74,"column":36}},"loc":{"start":{"line":74,"column":78},"end":{"line":79,"column":null}},"line":74},"3":{"name":"calculateVerticalDistance","decl":{"start":{"line":85,"column":16},"end":{"line":85,"column":42}},"loc":{"start":{"line":85,"column":84},"end":{"line":87,"column":null}},"line":85},"4":{"name":"calculateHorizontalDistance","decl":{"start":{"line":92,"column":16},"end":{"line":92,"column":44}},"loc":{"start":{"line":92,"column":86},"end":{"line":94,"column":null}},"line":92},"5":{"name":"getMidpoint","decl":{"start":{"line":99,"column":16},"end":{"line":99,"column":28}},"loc":{"start":{"line":99,"column":71},"end":{"line":105,"column":null}},"line":99},"6":{"name":"calculateBilateralAverage","decl":{"start":{"line":110,"column":16},"end":{"line":110,"column":null}},"loc":{"start":{"line":113,"column":17},"end":{"line":118,"column":null}},"line":113},"7":{"name":"calculateBilateralAngle","decl":{"start":{"line":123,"column":16},"end":{"line":123,"column":null}},"loc":{"start":{"line":126,"column":17},"end":{"line":130,"column":null}},"line":126},"8":{"name":"isJointExtended","decl":{"start":{"line":135,"column":16},"end":{"line":135,"column":32}},"loc":{"start":{"line":135,"column":81},"end":{"line":137,"column":null}},"line":135},"9":{"name":"isJointFlexed","decl":{"start":{"line":142,"column":16},"end":{"line":142,"column":30}},"loc":{"start":{"line":142,"column":79},"end":{"line":144,"column":null}},"line":142},"10":{"name":"isPointAbove","decl":{"start":{"line":149,"column":16},"end":{"line":149,"column":29}},"loc":{"start":{"line":149,"column":95},"end":{"line":151,"column":null}},"line":149},"11":{"name":"isPointBelow","decl":{"start":{"line":156,"column":16},"end":{"line":156,"column":29}},"loc":{"start":{"line":156,"column":95},"end":{"line":158,"column":null}},"line":156},"12":{"name":"isAlignedVertically","decl":{"start":{"line":163,"column":16},"end":{"line":163,"column":36}},"loc":{"start":{"line":163,"column":105},"end":{"line":165,"column":null}},"line":163},"13":{"name":"isAlignedHorizontally","decl":{"start":{"line":170,"column":16},"end":{"line":170,"column":38}},"loc":{"start":{"line":170,"column":107},"end":{"line":172,"column":null}},"line":170},"14":{"name":"mapValue","decl":{"start":{"line":177,"column":16},"end":{"line":177,"column":null}},"loc":{"start":{"line":183,"column":10},"end":{"line":185,"column":null}},"line":183},"15":{"name":"clamp","decl":{"start":{"line":190,"column":16},"end":{"line":190,"column":22}},"loc":{"start":{"line":190,"column":71},"end":{"line":192,"column":null}},"line":190},"16":{"name":"(anonymous_16)","decl":{"start":{"line":201,"column":2},"end":{"line":201,"column":14}},"loc":{"start":{"line":201,"column":38},"end":{"line":203,"column":null}},"line":201},"17":{"name":"(anonymous_17)","decl":{"start":{"line":205,"column":2},"end":{"line":205,"column":6}},"loc":{"start":{"line":205,"column":29},"end":{"line":211,"column":null}},"line":205},"18":{"name":"(anonymous_18)","decl":{"start":{"line":213,"column":2},"end":{"line":213,"column":16}},"loc":{"start":{"line":213,"column":16},"end":{"line":215,"column":null}},"line":213},"19":{"name":"(anonymous_19)","decl":{"start":{"line":217,"column":2},"end":{"line":217,"column":30}},"loc":{"start":{"line":217,"column":30},"end":{"line":221,"column":null}},"line":217},"20":{"name":"(anonymous_20)","decl":{"start":{"line":219,"column":35},"end":{"line":219,"column":36}},"loc":{"start":{"line":219,"column":49},"end":{"line":219,"column":60}},"line":219}},"branchMap":{"0":{"loc":{"start":{"line":114,"column":2},"end":{"line":114,"column":null}},"type":"if","locations":[{"start":{"line":114,"column":2},"end":{"line":114,"column":null}},{"start":{},"end":{}}],"line":114},"1":{"loc":{"start":{"line":114,"column":6},"end":{"line":114,"column":49}},"type":"binary-expr","locations":[{"start":{"line":114,"column":6},"end":{"line":114,"column":28}},{"start":{"line":114,"column":28},"end":{"line":114,"column":49}}],"line":114},"2":{"loc":{"start":{"line":115,"column":2},"end":{"line":115,"column":null}},"type":"if","locations":[{"start":{"line":115,"column":2},"end":{"line":115,"column":null}},{"start":{},"end":{}}],"line":115},"3":{"loc":{"start":{"line":116,"column":2},"end":{"line":116,"column":null}},"type":"if","locations":[{"start":{"line":116,"column":2},"end":{"line":116,"column":null}},{"start":{},"end":{}}],"line":116},"4":{"loc":{"start":{"line":127,"column":20},"end":{"line":127,"column":null}},"type":"cond-expr","locations":[{"start":{"line":127,"column":33},"end":{"line":127,"column":65}},{"start":{"line":127,"column":65},"end":{"line":127,"column":null}}],"line":127},"5":{"loc":{"start":{"line":128,"column":21},"end":{"line":128,"column":null}},"type":"cond-expr","locations":[{"start":{"line":128,"column":35},"end":{"line":128,"column":68}},{"start":{"line":128,"column":68},"end":{"line":128,"column":null}}],"line":128},"6":{"loc":{"start":{"line":135,"column":47},"end":{"line":135,"column":81}},"type":"default-arg","locations":[{"start":{"line":135,"column":67},"end":{"line":135,"column":81}}],"line":135},"7":{"loc":{"start":{"line":142,"column":45},"end":{"line":142,"column":79}},"type":"default-arg","locations":[{"start":{"line":142,"column":65},"end":{"line":142,"column":79}}],"line":142},"8":{"loc":{"start":{"line":149,"column":63},"end":{"line":149,"column":95}},"type":"default-arg","locations":[{"start":{"line":149,"column":83},"end":{"line":149,"column":95}}],"line":149},"9":{"loc":{"start":{"line":156,"column":63},"end":{"line":156,"column":95}},"type":"default-arg","locations":[{"start":{"line":156,"column":83},"end":{"line":156,"column":95}}],"line":156},"10":{"loc":{"start":{"line":163,"column":70},"end":{"line":163,"column":105}},"type":"default-arg","locations":[{"start":{"line":163,"column":90},"end":{"line":163,"column":105}}],"line":163},"11":{"loc":{"start":{"line":170,"column":72},"end":{"line":170,"column":107}},"type":"default-arg","locations":[{"start":{"line":170,"column":92},"end":{"line":170,"column":107}}],"line":170},"12":{"loc":{"start":{"line":201,"column":14},"end":{"line":201,"column":38}},"type":"default-arg","locations":[{"start":{"line":201,"column":35},"end":{"line":201,"column":38}}],"line":201},"13":{"loc":{"start":{"line":207,"column":4},"end":{"line":209,"column":null}},"type":"if","locations":[{"start":{"line":207,"column":4},"end":{"line":209,"column":null}},{"start":{},"end":{}}],"line":207},"14":{"loc":{"start":{"line":210,"column":11},"end":{"line":210,"column":null}},"type":"binary-expr","locations":[{"start":{"line":210,"column":11},"end":{"line":210,"column":32}},{"start":{"line":210,"column":32},"end":{"line":210,"column":null}}],"line":210},"15":{"loc":{"start":{"line":218,"column":4},"end":{"line":218,"column":null}},"type":"if","locations":[{"start":{"line":218,"column":4},"end":{"line":218,"column":null}},{"start":{},"end":{}}],"line":218}},"s":{"0":9,"1":9,"2":9,"3":9,"4":9,"5":9,"6":9,"7":9,"8":9,"9":4,"10":4,"11":4,"12":2,"13":2,"14":2,"15":2,"16":2,"17":2,"18":2,"19":7,"20":2,"21":5,"22":1,"23":4,"24":4,"25":2,"26":3,"27":3,"28":3,"29":8,"30":7,"31":4,"32":2,"33":4,"34":4,"35":8,"36":7,"37":7,"38":7,"39":14,"40":14,"41":1,"42":14,"43":1,"44":17,"45":2,"46":15,"47":30,"48":15},"f":{"0":9,"1":4,"2":2,"3":2,"4":2,"5":2,"6":7,"7":3,"8":8,"9":7,"10":4,"11":2,"12":4,"13":4,"14":8,"15":7,"16":7,"17":14,"18":1,"19":17,"20":30},"b":{"0":[2,5],"1":[7,3],"2":[1,4],"3":[2,2],"4":[2,1],"5":[1,2],"6":[8],"7":[7],"8":[4],"9":[2],"10":[4],"11":[4],"12":[7],"13":[1,13],"14":[14,0],"15":[2,15]},"meta":{"lastBranch":16,"lastFunction":21,"lastStatement":49,"seen":{"f:25:16:25:Infinity":0,"s:31:13:35:Infinity":0,"s:38:13:42:Infinity":1,"s:45:21:45:Infinity":2,"s:48:22:48:Infinity":3,"s:49:22:49:Infinity":4,"s:52:22:52:Infinity":5,"s:55:24:55:Infinity":6,"s:58:23:58:Infinity":7,"s:59:2:59:Infinity":8,"f:65:16:65:36":1,"s:66:13:66:Infinity":9,"s:67:13:67:Infinity":10,"s:68:2:68:Infinity":11,"f:74:16:74:36":2,"s:75:13:75:Infinity":12,"s:76:13:76:Infinity":13,"s:77:13:77:Infinity":14,"s:78:2:78:Infinity":15,"f:85:16:85:42":3,"s:86:2:86:Infinity":16,"f:92:16:92:44":4,"s:93:2:93:Infinity":17,"f:99:16:99:28":5,"s:100:2:104:Infinity":18,"f:110:16:110:Infinity":6,"b:114:2:114:Infinity:undefined:undefined:undefined:undefined":0,"s:114:2:114:Infinity":19,"b:114:6:114:28:114:28:114:49":1,"s:114:49:114:Infinity":20,"b:115:2:115:Infinity:undefined:undefined:undefined:undefined":2,"s:115:2:115:Infinity":21,"s:115:26:115:Infinity":22,"b:116:2:116:Infinity:undefined:undefined:undefined:undefined":3,"s:116:2:116:Infinity":23,"s:116:27:116:Infinity":24,"s:117:2:117:Infinity":25,"f:123:16:123:Infinity":7,"s:127:20:127:Infinity":26,"b:127:33:127:65:127:65:127:Infinity":4,"s:128:21:128:Infinity":27,"b:128:35:128:68:128:68:128:Infinity":5,"s:129:2:129:Infinity":28,"f:135:16:135:32":8,"b:135:67:135:81":6,"s:136:2:136:Infinity":29,"f:142:16:142:30":9,"b:142:65:142:79":7,"s:143:2:143:Infinity":30,"f:149:16:149:29":10,"b:149:83:149:95":8,"s:150:2:150:Infinity":31,"f:156:16:156:29":11,"b:156:83:156:95":9,"s:157:2:157:Infinity":32,"f:163:16:163:36":12,"b:163:90:163:105":10,"s:164:2:164:Infinity":33,"f:170:16:170:38":13,"b:170:92:170:107":11,"s:171:2:171:Infinity":34,"f:177:16:177:Infinity":14,"s:184:2:184:Infinity":35,"f:190:16:190:22":15,"s:191:2:191:Infinity":36,"s:198:29:198:Infinity":37,"f:201:2:201:14":16,"b:201:35:201:38":12,"s:202:4:202:Infinity":38,"f:205:2:205:6":17,"s:206:4:206:Infinity":39,"b:207:4:209:Infinity:undefined:undefined:undefined:undefined":13,"s:207:4:209:Infinity":40,"s:208:6:208:Infinity":41,"s:210:4:210:Infinity":42,"b:210:11:210:32:210:32:210:Infinity":14,"f:213:2:213:16":18,"s:214:4:214:Infinity":43,"f:217:2:217:30":19,"b:218:4:218:Infinity:undefined:undefined:undefined:undefined":15,"s:218:4:218:Infinity":44,"s:218:34:218:Infinity":45,"s:219:16:219:Infinity":46,"f:219:35:219:36":20,"s:219:49:219:60":47,"s:220:4:220:Infinity":48}}}
}
